#
# There is insufficient memory for the Java Runtime Environment to continue.
# Native memory allocation (malloc) failed to allocate 814192 bytes for Chunk::new
# Possible reasons:
#   The system is out of physical RAM or swap space
#   The process is running with CompressedOops enabled, and the Java Heap may be blocking the growth of the native heap
# Possible solutions:
#   Reduce memory load on the system
#   Increase physical memory or swap space
#   Check if swap backing store is full
#   Decrease Java heap size (-Xmx/-Xms)
#   Decrease number of Java threads
#   Decrease Java thread stack sizes (-Xss)
#   Set larger code cache with -XX:ReservedCodeCacheSize=
#   JVM is running with Unscaled Compressed Oops mode in which the Java heap is
#     placed in the first 4GB address space. The Java Heap base address is the
#     maximum limit for the native heap growth. Please use -XX:HeapBaseMinAddress
#     to set the Java Heap base and to place the Java Heap above 4GB virtual address.
# This output file may be truncated or incomplete.
#
#  Out of Memory Error (arena.cpp:184), pid=24344, tid=10432
#
# JRE version: Java(TM) SE Runtime Environment (18.0.1.1+2) (build 18.0.1.1+2-6)
# Java VM: Java HotSpot(TM) 64-Bit Server VM (18.0.1.1+2-6, mixed mode, sharing, tiered, compressed oops, compressed class ptrs, g1 gc, windows-amd64)
# No core dump will be written. Minidumps are not enabled by default on client versions of Windows
#

---------------  S U M M A R Y ------------

Command Line: --add-opens=java.base/java.util=ALL-UNNAMED --add-opens=java.base/java.lang=ALL-UNNAMED --add-opens=java.base/java.lang.invoke=ALL-UNNAMED --add-opens=java.prefs/java.util.prefs=ALL-UNNAMED --add-opens=java.base/java.nio.charset=ALL-UNNAMED --add-opens=java.base/java.net=ALL-UNNAMED --add-opens=java.base/java.util.concurrent.atomic=ALL-UNNAMED -Xmx2048m -Dfile.encoding=UTF-8 -Duser.country=RU -Duser.language=ru -Duser.variant -javaagent:C:\Users\¿‰ÏËÌËÒÚ‡ÚÓ\.gradle\wrapper\dists\gradle-8.6-bin\afr5mpiioh2wthjmwnkmdsd5w\gradle-8.6\lib\agents\gradle-instrumentation-agent-8.6.jar org.gradle.launcher.daemon.bootstrap.GradleDaemon 8.6

Host: AMD Ryzen 5 5500U with Radeon Graphics         , 12 cores, 5G,  Windows 10 , 64 bit Build 19041 (10.0.19041.3636)
Time: Sun Jun  9 01:16:42 2024  Windows 10 , 64 bit Build 19041 (10.0.19041.3636) elapsed time: 137.181060 seconds (0d 0h 2m 17s)

---------------  T H R E A D  ---------------

Current thread (0x0000020a04171980):  JavaThread "C2 CompilerThread0" daemon [_thread_in_native, id=10432, stack(0x0000005d00c00000,0x0000005d00d00000)]


Current CompileTask:
C2: 137181 17872       4       org.gradle.cache.internal.btree.CachingBlockStore::read (56 bytes)

Stack: [0x0000005d00c00000,0x0000005d00d00000]
Native frames: (J=compiled Java code, j=interpreted, Vv=VM code, C=native code)
V  [jvm.dll+0x69887a]
V  [jvm.dll+0x7f38bd]
V  [jvm.dll+0x7f51ce]
V  [jvm.dll+0x7f5883]
V  [jvm.dll+0x25ca3f]
V  [jvm.dll+0xb8c2f]
V  [jvm.dll+0xb8fa5]
V  [jvm.dll+0x385a6b]
V  [jvm.dll+0x34f811]
V  [jvm.dll+0x34ecaa]
V  [jvm.dll+0x22fc21]
V  [jvm.dll+0x22eff1]
V  [jvm.dll+0x1b9cfc]
V  [jvm.dll+0x23e8ca]
V  [jvm.dll+0x23cbb5]
V  [jvm.dll+0x7a5fb1]
V  [jvm.dll+0x7a03ea]
V  [jvm.dll+0x697725]
C  [ucrtbase.dll+0x21bb2]
C  [KERNEL32.DLL+0x17344]
C  [ntdll.dll+0x526b1]


---------------  P R O C E S S  ---------------

Threads class SMR info:
_java_thread_list=0x0000020a1a2462a0, length=55, elements={
0x0000020a65a1ffc0, 0x0000020a04152a40, 0x0000020a041536a0, 0x0000020a04169c80,
0x0000020a0416e950, 0x0000020a0416f2f0, 0x0000020a0416fc90, 0x0000020a04171980,
0x0000020a041729f0, 0x0000020a0417fd90, 0x0000020a08481d10, 0x0000020a08570970,
0x0000020a09232990, 0x0000020a0913fe80, 0x0000020a09f0fd80, 0x0000020a098b52f0,
0x0000020a098b3610, 0x0000020a098b57c0, 0x0000020a098b22d0, 0x0000020a098b4e20,
0x0000020a098b3fb0, 0x0000020a098b1e00, 0x0000020a098b3ae0, 0x0000020a098b3140,
0x0000020a098b27a0, 0x0000020a0a1fe840, 0x0000020a0a1fbcf0, 0x0000020a0a1fa9b0,
0x0000020a0a1f91a0, 0x0000020a0a1fd030, 0x0000020a0a1fb350, 0x0000020a0a1fa010,
0x0000020a0a9d5840, 0x0000020a0a9d49d0, 0x0000020a0a9d9200, 0x0000020a0a9d3690,
0x0000020a0a9d4030, 0x0000020a0c62ad70, 0x0000020a0c62e730, 0x0000020a0c62c0b0,
0x0000020a0c6308e0, 0x0000020a0c62ec00, 0x0000020a0c62f0d0, 0x0000020a0c6320f0,
0x0000020a0c62b240, 0x0000020a0c6325c0, 0x0000020a0c62bbe0, 0x0000020a0c62ca50,
0x0000020a0c62d3f0, 0x0000020a0c62b710, 0x0000020a0c62dd90, 0x0000020a0a1fd500,
0x0000020a0a1f7e60, 0x0000020a094d1bc0, 0x0000020a094d50b0
}

Java Threads: ( => current thread )
  0x0000020a65a1ffc0 JavaThread "main" [_thread_blocked, id=20044, stack(0x0000005d7ff00000,0x0000005d80000000)]
  0x0000020a04152a40 JavaThread "Reference Handler" daemon [_thread_blocked, id=16868, stack(0x0000005d00600000,0x0000005d00700000)]
  0x0000020a041536a0 JavaThread "Finalizer" daemon [_thread_blocked, id=3632, stack(0x0000005d00700000,0x0000005d00800000)]
  0x0000020a04169c80 JavaThread "Signal Dispatcher" daemon [_thread_blocked, id=728, stack(0x0000005d00800000,0x0000005d00900000)]
  0x0000020a0416e950 JavaThread "Attach Listener" daemon [_thread_blocked, id=20640, stack(0x0000005d00900000,0x0000005d00a00000)]
  0x0000020a0416f2f0 JavaThread "Service Thread" daemon [_thread_blocked, id=18192, stack(0x0000005d00a00000,0x0000005d00b00000)]
  0x0000020a0416fc90 JavaThread "Monitor Deflation Thread" daemon [_thread_blocked, id=15648, stack(0x0000005d00b00000,0x0000005d00c00000)]
=>0x0000020a04171980 JavaThread "C2 CompilerThread0" daemon [_thread_in_native, id=10432, stack(0x0000005d00c00000,0x0000005d00d00000)]
  0x0000020a041729f0 JavaThread "C1 CompilerThread0" daemon [_thread_blocked, id=23796, stack(0x0000005d00d00000,0x0000005d00e00000)]
  0x0000020a0417fd90 JavaThread "Sweeper thread" daemon [_thread_blocked, id=23060, stack(0x0000005d00e00000,0x0000005d00f00000)]
  0x0000020a08481d10 JavaThread "Common-Cleaner" daemon [_thread_blocked, id=14592, stack(0x0000005d00f00000,0x0000005d01000000)]
  0x0000020a08570970 JavaThread "Notification Thread" daemon [_thread_blocked, id=16916, stack(0x0000005d01000000,0x0000005d01100000)]
  0x0000020a09232990 JavaThread "Daemon health stats" [_thread_blocked, id=21424, stack(0x0000005d01600000,0x0000005d01700000)]
  0x0000020a0913fe80 JavaThread "Incoming local TCP Connector on port 58820" [_thread_in_native, id=13016, stack(0x0000005d01a00000,0x0000005d01b00000)]
  0x0000020a09f0fd80 JavaThread "Daemon periodic checks" [_thread_blocked, id=16260, stack(0x0000005d01b00000,0x0000005d01c00000)]
  0x0000020a098b52f0 JavaThread "Daemon" [_thread_blocked, id=22324, stack(0x0000005d01c00000,0x0000005d01d00000)]
  0x0000020a098b3610 JavaThread "Handler for socket connection from /127.0.0.1:58820 to /127.0.0.1:58821" [_thread_in_native, id=13728, stack(0x0000005d01d00000,0x0000005d01e00000)]
  0x0000020a098b57c0 JavaThread "Cancel handler" [_thread_blocked, id=23956, stack(0x0000005d01e00000,0x0000005d01f00000)]
  0x0000020a098b22d0 JavaThread "Daemon worker" [_thread_in_native, id=9584, stack(0x0000005d01f00000,0x0000005d02000000)]
  0x0000020a098b4e20 JavaThread "Asynchronous log dispatcher for DefaultDaemonConnection: socket connection from /127.0.0.1:58820 to /127.0.0.1:58821" [_thread_blocked, id=1940, stack(0x0000005d02000000,0x0000005d02100000)]
  0x0000020a098b3fb0 JavaThread "Stdin handler" [_thread_blocked, id=22996, stack(0x0000005d02100000,0x0000005d02200000)]
  0x0000020a098b1e00 JavaThread "Daemon client event forwarder" [_thread_blocked, id=22844, stack(0x0000005d02200000,0x0000005d02300000)]
  0x0000020a098b3ae0 JavaThread "Cache worker for journal cache (C:\Users\–ê–¥–º–∏–Ω–∏—Å—Ç—Ä–∞—Ç–æ—Ä\.gradle\caches\journal-1)" [_thread_blocked, id=17820, stack(0x0000005d02300000,0x0000005d02400000)]
  0x0000020a098b3140 JavaThread "File lock request listener" [_thread_in_native, id=5552, stack(0x0000005d02400000,0x0000005d02500000)]
  0x0000020a098b27a0 JavaThread "Cache worker for file hash cache (C:\Users\–ê–¥–º–∏–Ω–∏—Å—Ç—Ä–∞—Ç–æ—Ä\.gradle\caches\8.6\fileHashes)" [_thread_blocked, id=23808, stack(0x0000005d02500000,0x0000005d02600000)]
  0x0000020a0a1fe840 JavaThread "File watcher server" daemon [_thread_in_native, id=22048, stack(0x0000005d02800000,0x0000005d02900000)]
  0x0000020a0a1fbcf0 JavaThread "File watcher consumer" daemon [_thread_blocked, id=19776, stack(0x0000005d02900000,0x0000005d02a00000)]
  0x0000020a0a1fa9b0 JavaThread "Cache worker for checksums cache (C:\Users\Robingud\BIO\.gradle\8.6\checksums)" [_thread_blocked, id=11760, stack(0x0000005d02c00000,0x0000005d02d00000)]
  0x0000020a0a1f91a0 JavaThread "Cache worker for file hash cache (C:\Users\Robingud\BIO\.gradle\8.6\fileHashes)" [_thread_blocked, id=11556, stack(0x0000005d02d00000,0x0000005d02e00000)]
  0x0000020a0a1fd030 JavaThread "Cache worker for cache directory md-supplier (C:\Users\–ê–¥–º–∏–Ω–∏—Å—Ç—Ä–∞—Ç–æ—Ä\.gradle\caches\8.6\md-supplier)" [_thread_blocked, id=18668, stack(0x0000005d02e00000,0x0000005d02f00000)]
  0x0000020a0a1fb350 JavaThread "Cache worker for cache directory md-rule (C:\Users\–ê–¥–º–∏–Ω–∏—Å—Ç—Ä–∞—Ç–æ—Ä\.gradle\caches\8.6\md-rule)" [_thread_blocked, id=21924, stack(0x0000005d02f00000,0x0000005d03000000)]
  0x0000020a0a1fa010 JavaThread "Cache worker for file content cache (C:\Users\–ê–¥–º–∏–Ω–∏—Å—Ç—Ä–∞—Ç–æ—Ä\.gradle\caches\8.6\fileContent)" [_thread_blocked, id=22384, stack(0x0000005d03000000,0x0000005d03100000)]
  0x0000020a0a9d5840 JavaThread "jar transforms" [_thread_blocked, id=11432, stack(0x0000005d03d00000,0x0000005d03e00000)]
  0x0000020a0a9d49d0 JavaThread "jar transforms Thread 2" [_thread_blocked, id=12868, stack(0x0000005d03e00000,0x0000005d03f00000)]
  0x0000020a0a9d9200 JavaThread "jar transforms Thread 3" [_thread_blocked, id=1548, stack(0x0000005d03f00000,0x0000005d04000000)]
  0x0000020a0a9d3690 JavaThread "jar transforms Thread 4" [_thread_blocked, id=13676, stack(0x0000005d04000000,0x0000005d04100000)]
  0x0000020a0a9d4030 JavaThread "Cache worker for Build Output Cleanup Cache (C:\Users\Robingud\BIO\.gradle\buildOutputCleanup)" [_thread_blocked, id=14168, stack(0x0000005d04100000,0x0000005d04200000)]
  0x0000020a0c62ad70 JavaThread "Kotlin DSL Writer" [_thread_blocked, id=11772, stack(0x0000005d04200000,0x0000005d04300000)]
  0x0000020a0c62e730 JavaThread "jar transforms Thread 5" [_thread_blocked, id=11884, stack(0x0000005d04400000,0x0000005d04500000)]
  0x0000020a0c62c0b0 JavaThread "jar transforms Thread 6" [_thread_blocked, id=2992, stack(0x0000005d04500000,0x0000005d04600000)]
  0x0000020a0c6308e0 JavaThread "Unconstrained build operations" [_thread_blocked, id=19432, stack(0x0000005d03100000,0x0000005d03200000)]
  0x0000020a0c62ec00 JavaThread "Unconstrained build operations Thread 2" [_thread_blocked, id=3616, stack(0x0000005d04800000,0x0000005d04900000)]
  0x0000020a0c62f0d0 JavaThread "Unconstrained build operations Thread 3" [_thread_blocked, id=16244, stack(0x0000005d04900000,0x0000005d04a00000)]
  0x0000020a0c6320f0 JavaThread "Unconstrained build operations Thread 4" [_thread_blocked, id=12336, stack(0x0000005d04a00000,0x0000005d04b00000)]
  0x0000020a0c62b240 JavaThread "Unconstrained build operations Thread 5" [_thread_blocked, id=7420, stack(0x0000005d04b00000,0x0000005d04c00000)]
  0x0000020a0c6325c0 JavaThread "Unconstrained build operations Thread 6" [_thread_blocked, id=19928, stack(0x0000005d04c00000,0x0000005d04d00000)]
  0x0000020a0c62bbe0 JavaThread "Unconstrained build operations Thread 7" [_thread_blocked, id=5376, stack(0x0000005d04d00000,0x0000005d04e00000)]
  0x0000020a0c62ca50 JavaThread "Unconstrained build operations Thread 8" [_thread_blocked, id=21344, stack(0x0000005d04e00000,0x0000005d04f00000)]
  0x0000020a0c62d3f0 JavaThread "Unconstrained build operations Thread 9" [_thread_blocked, id=19332, stack(0x0000005d04f00000,0x0000005d05000000)]
  0x0000020a0c62b710 JavaThread "Unconstrained build operations Thread 10" [_thread_blocked, id=14088, stack(0x0000005d05000000,0x0000005d05100000)]
  0x0000020a0c62dd90 JavaThread "Unconstrained build operations Thread 11" [_thread_blocked, id=12688, stack(0x0000005d05100000,0x0000005d05200000)]
  0x0000020a0a1fd500 JavaThread "jar transforms Thread 7" [_thread_blocked, id=24448, stack(0x0000005d05200000,0x0000005d05300000)]
  0x0000020a0a1f7e60 JavaThread "jar transforms Thread 8" [_thread_blocked, id=17936, stack(0x0000005d05300000,0x0000005d05400000)]
  0x0000020a094d1bc0 JavaThread "Memory manager" [_thread_blocked, id=21260, stack(0x0000005d05400000,0x0000005d05500000)]
  0x0000020a094d50b0 JavaThread "build event listener" [_thread_blocked, id=2352, stack(0x0000005d04300000,0x0000005d04400000)]

Other Threads:
  0x0000020a65aa4720 VMThread "VM Thread" [stack: 0x0000005d00500000,0x0000005d00600000] [id=960]
  0x0000020a65a20f60 WatcherThread "VM Periodic Task Thread" [stack: 0x0000005d01100000,0x0000005d01200000] [id=21216]
  0x0000020a65a82900 WorkerThread "GC Thread#0" [stack: 0x0000005d00000000,0x0000005d00100000] [id=724]
  0x0000020a087daa40 WorkerThread "GC Thread#1" [stack: 0x0000005d01200000,0x0000005d01300000] [id=22872]
  0x0000020a09069560 WorkerThread "GC Thread#2" [stack: 0x0000005d01300000,0x0000005d01400000] [id=3856]
  0x0000020a09069800 WorkerThread "GC Thread#3" [stack: 0x0000005d01400000,0x0000005d01500000] [id=18524]
  0x0000020a09069d40 WorkerThread "GC Thread#4" [stack: 0x0000005d01500000,0x0000005d01600000] [id=18972]
  0x0000020a0906a520 WorkerThread "GC Thread#5" [stack: 0x0000005d01700000,0x0000005d01800000] [id=21124]
  0x0000020a0906a280 WorkerThread "GC Thread#6" [stack: 0x0000005d01800000,0x0000005d01900000] [id=12032]
  0x0000020a09068840 WorkerThread "GC Thread#7" [stack: 0x0000005d01900000,0x0000005d01a00000] [id=24056]
  0x0000020a09068d80 WorkerThread "GC Thread#8" [stack: 0x0000005d02600000,0x0000005d02700000] [id=21824]
  0x0000020a090692c0 WorkerThread "GC Thread#9" [stack: 0x0000005d02700000,0x0000005d02800000] [id=10076]
  0x0000020a65a93830 ConcurrentGCThread "G1 Main Marker" [stack: 0x0000005d00100000,0x0000005d00200000] [id=20636]
  0x0000020a65a94b00 WorkerThread "G1 Conc#0" [stack: 0x0000005d00200000,0x0000005d00300000] [id=716]
  0x0000020a0a65f920 WorkerThread "G1 Conc#1" [stack: 0x0000005d02a00000,0x0000005d02b00000] [id=20820]
  0x0000020a0a2e6890 WorkerThread "G1 Conc#2" [stack: 0x0000005d02b00000,0x0000005d02c00000] [id=2792]
  0x0000020a65ade270 ConcurrentGCThread "G1 Refine#0" [stack: 0x0000005d00300000,0x0000005d00400000] [id=8216]
  0x0000020a0c19f600 ConcurrentGCThread "G1 Refine#1" [stack: 0x0000005d03200000,0x0000005d03300000] [id=5412]
  0x0000020a0c1a25d0 ConcurrentGCThread "G1 Refine#2" [stack: 0x0000005d03300000,0x0000005d03400000] [id=17120]
  0x0000020a0c1a14f0 ConcurrentGCThread "G1 Refine#3" [stack: 0x0000005d03400000,0x0000005d03500000] [id=13340]
  0x0000020a0c1a09b0 ConcurrentGCThread "G1 Refine#4" [stack: 0x0000005d03500000,0x0000005d03600000] [id=19244]
  0x0000020a0c19f8d0 ConcurrentGCThread "G1 Refine#5" [stack: 0x0000005d03600000,0x0000005d03700000] [id=23760]
  0x0000020a0c19f330 ConcurrentGCThread "G1 Refine#6" [stack: 0x0000005d03700000,0x0000005d03800000] [id=10708]
  0x0000020a0c19fba0 ConcurrentGCThread "G1 Refine#7" [stack: 0x0000005d03800000,0x0000005d03900000] [id=13532]
  0x0000020a0c1a0c80 ConcurrentGCThread "G1 Refine#8" [stack: 0x0000005d03900000,0x0000005d03a00000] [id=13876]
  0x0000020a0c1a1220 ConcurrentGCThread "G1 Refine#9" [stack: 0x0000005d03a00000,0x0000005d03b00000] [id=3236]
  0x0000020a65adeb80 ConcurrentGCThread "G1 Service" [stack: 0x0000005d00400000,0x0000005d00500000] [id=4160]

Threads with active compile tasks:
C2 CompilerThread0   137312 17872       4       org.gradle.cache.internal.btree.CachingBlockStore::read (56 bytes)

VM state: not at safepoint (normal execution)

VM Mutex/Monitor currently owned by a thread: None

Heap address: 0x0000000080000000, size: 2048 MB, Compressed Oops mode: 32-bit

CDS archive(s) mapped at: [0x0000000800000000-0x0000000800ba0000-0x0000000800ba0000), size 12189696, SharedBaseAddress: 0x0000000800000000, ArchiveRelocationMode: 0.
Compressed class space mapped at: 0x0000000800c00000-0x0000000840c00000, reserved size: 1073741824
Narrow klass base: 0x0000000800000000, Narrow klass shift: 0, Narrow klass range: 0x100000000

GC Precious Log:
 CardTable entry size: 512
 Card Set container configuration: InlinePtr #cards 5 size 8 Array Of Cards #cards 12 size 40 Howl #buckets 4 coarsen threshold 1843 Howl Bitmap #cards 512 size 80 coarsen threshold 460 Card regions per heap region 1 cards per card region 2048
 CPUs: 12 total, 12 available
 Memory: 5966M
 Large Page Support: Disabled
 NUMA Support: Disabled
 Compressed Oops: Enabled (32-bit)
 Heap Region Size: 1M
 Heap Min Capacity: 8M
 Heap Initial Capacity: 94M
 Heap Max Capacity: 2G
 Pre-touch: Disabled
 Parallel Workers: 10
 Concurrent Workers: 3
 Concurrent Refinement Workers: 10
 Periodic GC: Disabled

Heap:
 garbage-first heap   total 344064K, used 198011K [0x0000000080000000, 0x0000000100000000)
  region size 1024K, 61 young (62464K), 15 survivors (15360K)
 Metaspace       used 141832K, committed 144128K, reserved 1179648K
  class space    used 17829K, committed 19072K, reserved 1048576K

Heap Regions: E=young(eden), S=young(survivor), O=old, HS=humongous(starts), HC=humongous(continues), CS=collection set, F=free, OA=open archive, CA=closed archive, TAMS=top-at-mark-start (previous, next)
|   0|0x0000000080000000, 0x0000000080100000, 0x0000000080100000|100%|HS|  |TAMS 0x0000000080100000, 0x0000000080100000| Complete 
|   1|0x0000000080100000, 0x0000000080200000, 0x0000000080200000|100%|HC|  |TAMS 0x0000000080200000, 0x0000000080200000| Complete 
|   2|0x0000000080200000, 0x0000000080300000, 0x0000000080300000|100%|HC|  |TAMS 0x0000000080300000, 0x0000000080300000| Complete 
|   3|0x0000000080300000, 0x0000000080400000, 0x0000000080400000|100%|HC|  |TAMS 0x0000000080400000, 0x0000000080400000| Complete 
|   4|0x0000000080400000, 0x0000000080500000, 0x0000000080500000|100%| O|  |TAMS 0x0000000080500000, 0x0000000080500000| Untracked 
|   5|0x0000000080500000, 0x0000000080600000, 0x0000000080600000|100%| O|  |TAMS 0x0000000080600000, 0x0000000080600000| Untracked 
|   6|0x0000000080600000, 0x0000000080700000, 0x0000000080700000|100%| O|  |TAMS 0x0000000080700000, 0x0000000080700000| Untracked 
|   7|0x0000000080700000, 0x0000000080800000, 0x0000000080800000|100%| O|  |TAMS 0x0000000080800000, 0x0000000080800000| Untracked 
|   8|0x0000000080800000, 0x0000000080900000, 0x0000000080900000|100%| O|  |TAMS 0x0000000080900000, 0x0000000080900000| Untracked 
|   9|0x0000000080900000, 0x0000000080a00000, 0x0000000080a00000|100%| O|  |TAMS 0x0000000080a00000, 0x0000000080a00000| Untracked 
|  10|0x0000000080a00000, 0x0000000080b00000, 0x0000000080b00000|100%| O|  |TAMS 0x0000000080b00000, 0x0000000080b00000| Untracked 
|  11|0x0000000080b00000, 0x0000000080c00000, 0x0000000080c00000|100%| O|  |TAMS 0x0000000080c00000, 0x0000000080c00000| Untracked 
|  12|0x0000000080c00000, 0x0000000080d00000, 0x0000000080d00000|100%| O|  |TAMS 0x0000000080d00000, 0x0000000080d00000| Untracked 
|  13|0x0000000080d00000, 0x0000000080e00000, 0x0000000080e00000|100%| O|  |TAMS 0x0000000080e00000, 0x0000000080e00000| Untracked 
|  14|0x0000000080e00000, 0x0000000080f00000, 0x0000000080f00000|100%| O|  |TAMS 0x0000000080f00000, 0x0000000080f00000| Untracked 
|  15|0x0000000080f00000, 0x0000000081000000, 0x0000000081000000|100%| O|  |TAMS 0x0000000081000000, 0x0000000081000000| Untracked 
|  16|0x0000000081000000, 0x00000000810e0c00, 0x0000000081100000| 87%| O|  |TAMS 0x00000000810e0c00, 0x00000000810e0c00| Untracked 
|  17|0x0000000081100000, 0x0000000081200000, 0x0000000081200000|100%| O|  |TAMS 0x0000000081200000, 0x0000000081200000| Untracked 
|  18|0x0000000081200000, 0x0000000081300000, 0x0000000081300000|100%| O|  |TAMS 0x0000000081300000, 0x0000000081300000| Untracked 
|  19|0x0000000081300000, 0x0000000081400000, 0x0000000081400000|100%| O|  |TAMS 0x0000000081400000, 0x0000000081400000| Untracked 
|  20|0x0000000081400000, 0x0000000081500000, 0x0000000081500000|100%| O|  |TAMS 0x0000000081500000, 0x0000000081500000| Untracked 
|  21|0x0000000081500000, 0x0000000081600000, 0x0000000081600000|100%| O|  |TAMS 0x0000000081600000, 0x0000000081600000| Untracked 
|  22|0x0000000081600000, 0x0000000081700000, 0x0000000081700000|100%|HS|  |TAMS 0x0000000081600000, 0x0000000081600000| Complete 
|  23|0x0000000081700000, 0x0000000081800000, 0x0000000081800000|100%| O|  |TAMS 0x0000000081800000, 0x0000000081800000| Untracked 
|  24|0x0000000081800000, 0x0000000081900000, 0x0000000081900000|100%| O|  |TAMS 0x0000000081900000, 0x0000000081900000| Untracked 
|  25|0x0000000081900000, 0x0000000081a00000, 0x0000000081a00000|100%| O|  |TAMS 0x0000000081a00000, 0x0000000081a00000| Untracked 
|  26|0x0000000081a00000, 0x0000000081b00000, 0x0000000081b00000|100%| O|  |TAMS 0x0000000081b00000, 0x0000000081b00000| Untracked 
|  27|0x0000000081b00000, 0x0000000081c00000, 0x0000000081c00000|100%| O|  |TAMS 0x0000000081c00000, 0x0000000081c00000| Untracked 
|  28|0x0000000081c00000, 0x0000000081d00000, 0x0000000081d00000|100%| O|  |TAMS 0x0000000081d00000, 0x0000000081d00000| Untracked 
|  29|0x0000000081d00000, 0x0000000081e00000, 0x0000000081e00000|100%| O|  |TAMS 0x0000000081e00000, 0x0000000081e00000| Untracked 
|  30|0x0000000081e00000, 0x0000000081f00000, 0x0000000081f00000|100%| O|  |TAMS 0x0000000081f00000, 0x0000000081f00000| Untracked 
|  31|0x0000000081f00000, 0x0000000082000000, 0x0000000082000000|100%| O|  |TAMS 0x0000000082000000, 0x0000000082000000| Untracked 
|  32|0x0000000082000000, 0x0000000082100000, 0x0000000082100000|100%| O|  |TAMS 0x0000000082100000, 0x0000000082100000| Untracked 
|  33|0x0000000082100000, 0x0000000082200000, 0x0000000082200000|100%| O|  |TAMS 0x0000000082200000, 0x0000000082200000| Untracked 
|  34|0x0000000082200000, 0x0000000082300000, 0x0000000082300000|100%| O|  |TAMS 0x0000000082300000, 0x0000000082300000| Untracked 
|  35|0x0000000082300000, 0x0000000082400000, 0x0000000082400000|100%| O|  |TAMS 0x0000000082400000, 0x0000000082400000| Untracked 
|  36|0x0000000082400000, 0x0000000082500000, 0x0000000082500000|100%|HS|  |TAMS 0x0000000082500000, 0x0000000082500000| Complete 
|  37|0x0000000082500000, 0x0000000082600000, 0x0000000082600000|100%| O|  |TAMS 0x0000000082600000, 0x0000000082600000| Untracked 
|  38|0x0000000082600000, 0x0000000082700000, 0x0000000082700000|100%| O|  |TAMS 0x0000000082700000, 0x0000000082700000| Untracked 
|  39|0x0000000082700000, 0x0000000082800000, 0x0000000082800000|100%| O|  |TAMS 0x0000000082800000, 0x0000000082800000| Untracked 
|  40|0x0000000082800000, 0x0000000082900000, 0x0000000082900000|100%| O|  |TAMS 0x0000000082900000, 0x0000000082900000| Untracked 
|  41|0x0000000082900000, 0x0000000082a00000, 0x0000000082a00000|100%| O|  |TAMS 0x0000000082a00000, 0x0000000082a00000| Untracked 
|  42|0x0000000082a00000, 0x0000000082b00000, 0x0000000082b00000|100%| O|  |TAMS 0x0000000082b00000, 0x0000000082b00000| Untracked 
|  43|0x0000000082b00000, 0x0000000082c00000, 0x0000000082c00000|100%| O|  |TAMS 0x0000000082c00000, 0x0000000082c00000| Untracked 
|  44|0x0000000082c00000, 0x0000000082d00000, 0x0000000082d00000|100%| O|  |TAMS 0x0000000082d00000, 0x0000000082d00000| Untracked 
|  45|0x0000000082d00000, 0x0000000082e00000, 0x0000000082e00000|100%| O|  |TAMS 0x0000000082e00000, 0x0000000082e00000| Untracked 
|  46|0x0000000082e00000, 0x0000000082f00000, 0x0000000082f00000|100%| O|  |TAMS 0x0000000082f00000, 0x0000000082f00000| Untracked 
|  47|0x0000000082f00000, 0x0000000083000000, 0x0000000083000000|100%| O|  |TAMS 0x0000000083000000, 0x0000000083000000| Untracked 
|  48|0x0000000083000000, 0x0000000083100000, 0x0000000083100000|100%| O|  |TAMS 0x0000000083100000, 0x0000000083100000| Untracked 
|  49|0x0000000083100000, 0x0000000083200000, 0x0000000083200000|100%|HS|  |TAMS 0x0000000083100000, 0x0000000083100000| Complete 
|  50|0x0000000083200000, 0x0000000083300000, 0x0000000083300000|100%| O|  |TAMS 0x0000000083300000, 0x0000000083300000| Untracked 
|  51|0x0000000083300000, 0x0000000083400000, 0x0000000083400000|100%| O|  |TAMS 0x0000000083400000, 0x0000000083400000| Untracked 
|  52|0x0000000083400000, 0x0000000083500000, 0x0000000083500000|100%| O|  |TAMS 0x0000000083500000, 0x0000000083500000| Untracked 
|  53|0x0000000083500000, 0x0000000083600000, 0x0000000083600000|100%| O|  |TAMS 0x0000000083600000, 0x0000000083600000| Untracked 
|  54|0x0000000083600000, 0x0000000083700000, 0x0000000083700000|100%|HS|  |TAMS 0x0000000083700000, 0x0000000083700000| Complete 
|  55|0x0000000083700000, 0x0000000083800000, 0x0000000083800000|100%|HC|  |TAMS 0x0000000083800000, 0x0000000083800000| Complete 
|  56|0x0000000083800000, 0x0000000083900000, 0x0000000083900000|100%|HC|  |TAMS 0x0000000083900000, 0x0000000083900000| Complete 
|  57|0x0000000083900000, 0x0000000083a00000, 0x0000000083a00000|100%|HC|  |TAMS 0x0000000083a00000, 0x0000000083a00000| Complete 
|  58|0x0000000083a00000, 0x0000000083b00000, 0x0000000083b00000|100%|HC|  |TAMS 0x0000000083b00000, 0x0000000083b00000| Complete 
|  59|0x0000000083b00000, 0x0000000083c00000, 0x0000000083c00000|100%|HC|  |TAMS 0x0000000083c00000, 0x0000000083c00000| Complete 
|  60|0x0000000083c00000, 0x0000000083d00000, 0x0000000083d00000|100%| O|  |TAMS 0x0000000083c00000, 0x0000000083d00000| Untracked 
|  61|0x0000000083d00000, 0x0000000083e00000, 0x0000000083e00000|100%| O|  |TAMS 0x0000000083d00000, 0x0000000083e00000| Untracked 
|  62|0x0000000083e00000, 0x0000000083f00000, 0x0000000083f00000|100%| O|  |TAMS 0x0000000083e00000, 0x0000000083f00000| Untracked 
|  63|0x0000000083f00000, 0x0000000084000000, 0x0000000084000000|100%| O|  |TAMS 0x0000000083f00000, 0x0000000084000000| Untracked 
|  64|0x0000000084000000, 0x0000000084100000, 0x0000000084100000|100%| O|  |TAMS 0x0000000084000000, 0x0000000084100000| Untracked 
|  65|0x0000000084100000, 0x0000000084200000, 0x0000000084200000|100%| O|  |TAMS 0x0000000084100000, 0x00000000841d5c00| Untracked 
|  66|0x0000000084200000, 0x0000000084300000, 0x0000000084300000|100%|HS|  |TAMS 0x0000000084200000, 0x0000000084200000| Complete 
|  67|0x0000000084300000, 0x0000000084400000, 0x0000000084400000|100%|HC|  |TAMS 0x0000000084300000, 0x0000000084300000| Complete 
|  68|0x0000000084400000, 0x0000000084500000, 0x0000000084500000|100%| O|  |TAMS 0x0000000084500000, 0x0000000084500000| Untracked 
|  69|0x0000000084500000, 0x0000000084600000, 0x0000000084600000|100%| O|  |TAMS 0x0000000084600000, 0x0000000084600000| Untracked 
|  70|0x0000000084600000, 0x0000000084700000, 0x0000000084700000|100%| O|  |TAMS 0x0000000084700000, 0x0000000084700000| Untracked 
|  71|0x0000000084700000, 0x0000000084800000, 0x0000000084800000|100%|HS|  |TAMS 0x0000000084700000, 0x0000000084700000| Complete 
|  72|0x0000000084800000, 0x0000000084900000, 0x0000000084900000|100%| O|  |TAMS 0x0000000084900000, 0x0000000084900000| Untracked 
|  73|0x0000000084900000, 0x0000000084a00000, 0x0000000084a00000|100%| O|  |TAMS 0x0000000084a00000, 0x0000000084a00000| Untracked 
|  74|0x0000000084a00000, 0x0000000084b00000, 0x0000000084b00000|100%|HS|  |TAMS 0x0000000084a00000, 0x0000000084a00000| Complete 
|  75|0x0000000084b00000, 0x0000000084c00000, 0x0000000084c00000|100%|HC|  |TAMS 0x0000000084b00000, 0x0000000084b00000| Complete 
|  76|0x0000000084c00000, 0x0000000084d00000, 0x0000000084d00000|100%|HC|  |TAMS 0x0000000084c00000, 0x0000000084c00000| Complete 
|  77|0x0000000084d00000, 0x0000000084e00000, 0x0000000084e00000|100%|HC|  |TAMS 0x0000000084d00000, 0x0000000084d00000| Complete 
|  78|0x0000000084e00000, 0x0000000084e00000, 0x0000000084f00000|  0%| F|  |TAMS 0x0000000084e00000, 0x0000000084e00000| Untracked 
|  79|0x0000000084f00000, 0x0000000085000000, 0x0000000085000000|100%| O|  |TAMS 0x0000000084f00000, 0x0000000084f00000| Untracked 
|  80|0x0000000085000000, 0x0000000085100000, 0x0000000085100000|100%| O|  |TAMS 0x0000000085100000, 0x0000000085100000| Untracked 
|  81|0x0000000085100000, 0x0000000085200000, 0x0000000085200000|100%| O|  |TAMS 0x0000000085200000, 0x0000000085200000| Untracked 
|  82|0x0000000085200000, 0x0000000085300000, 0x0000000085300000|100%| O|  |TAMS 0x0000000085200000, 0x0000000085200000| Untracked 
|  83|0x0000000085300000, 0x0000000085400000, 0x0000000085400000|100%| O|  |TAMS 0x0000000085400000, 0x0000000085400000| Untracked 
|  84|0x0000000085400000, 0x0000000085500000, 0x0000000085500000|100%| O|  |TAMS 0x0000000085461200, 0x0000000085500000| Untracked 
|  85|0x0000000085500000, 0x0000000085600000, 0x0000000085600000|100%| O|  |TAMS 0x0000000085500000, 0x0000000085500000| Untracked 
|  86|0x0000000085600000, 0x0000000085700000, 0x0000000085700000|100%| O|  |TAMS 0x0000000085600000, 0x0000000085600000| Untracked 
|  87|0x0000000085700000, 0x0000000085800000, 0x0000000085800000|100%| O|  |TAMS 0x0000000085700000, 0x0000000085700000| Untracked 
|  88|0x0000000085800000, 0x0000000085900000, 0x0000000085900000|100%| O|  |TAMS 0x0000000085800000, 0x0000000085800000| Untracked 
|  89|0x0000000085900000, 0x0000000085a00000, 0x0000000085a00000|100%| O|  |TAMS 0x0000000085900000, 0x0000000085900000| Untracked 
|  90|0x0000000085a00000, 0x0000000085b00000, 0x0000000085b00000|100%| O|  |TAMS 0x0000000085a00000, 0x0000000085a00000| Untracked 
|  91|0x0000000085b00000, 0x0000000085c00000, 0x0000000085c00000|100%| O|  |TAMS 0x0000000085b00000, 0x0000000085b00000| Untracked 
|  92|0x0000000085c00000, 0x0000000085d00000, 0x0000000085d00000|100%| O|  |TAMS 0x0000000085c00000, 0x0000000085c00000| Untracked 
|  93|0x0000000085d00000, 0x0000000085e00000, 0x0000000085e00000|100%| O|  |TAMS 0x0000000085d00000, 0x0000000085d00000| Untracked 
|  94|0x0000000085e00000, 0x0000000085f00000, 0x0000000085f00000|100%| O|  |TAMS 0x0000000085e00000, 0x0000000085e00000| Untracked 
|  95|0x0000000085f00000, 0x0000000086000000, 0x0000000086000000|100%| O|  |TAMS 0x0000000085f00000, 0x0000000085f00000| Untracked 
|  96|0x0000000086000000, 0x0000000086100000, 0x0000000086100000|100%| O|  |TAMS 0x0000000086000000, 0x0000000086000000| Untracked 
|  97|0x0000000086100000, 0x0000000086200000, 0x0000000086200000|100%| O|  |TAMS 0x0000000086100000, 0x0000000086100000| Untracked 
|  98|0x0000000086200000, 0x0000000086300000, 0x0000000086300000|100%|HS|  |TAMS 0x0000000086200000, 0x0000000086200000| Complete 
|  99|0x0000000086300000, 0x0000000086400000, 0x0000000086400000|100%|HC|  |TAMS 0x0000000086300000, 0x0000000086300000| Complete 
| 100|0x0000000086400000, 0x0000000086500000, 0x0000000086500000|100%|HS|  |TAMS 0x0000000086400000, 0x0000000086400000| Complete 
| 101|0x0000000086500000, 0x0000000086600000, 0x0000000086600000|100%| O|  |TAMS 0x0000000086500000, 0x0000000086500000| Untracked 
| 102|0x0000000086600000, 0x0000000086700000, 0x0000000086700000|100%|HS|  |TAMS 0x0000000086600000, 0x0000000086600000| Complete 
| 103|0x0000000086700000, 0x0000000086800000, 0x0000000086800000|100%|HS|  |TAMS 0x0000000086700000, 0x0000000086700000| Complete 
| 104|0x0000000086800000, 0x0000000086900000, 0x0000000086900000|100%| O|  |TAMS 0x0000000086800000, 0x0000000086800000| Untracked 
| 105|0x0000000086900000, 0x0000000086a00000, 0x0000000086a00000|100%| O|  |TAMS 0x0000000086900000, 0x0000000086900000| Untracked 
| 106|0x0000000086a00000, 0x0000000086b00000, 0x0000000086b00000|100%| O|  |TAMS 0x0000000086a00000, 0x0000000086a00000| Untracked 
| 107|0x0000000086b00000, 0x0000000086c00000, 0x0000000086c00000|100%| O|  |TAMS 0x0000000086b00000, 0x0000000086b00000| Untracked 
| 108|0x0000000086c00000, 0x0000000086d00000, 0x0000000086d00000|100%| O|  |TAMS 0x0000000086c00000, 0x0000000086c00000| Untracked 
| 109|0x0000000086d00000, 0x0000000086e00000, 0x0000000086e00000|100%| O|  |TAMS 0x0000000086d00000, 0x0000000086d00000| Untracked 
| 110|0x0000000086e00000, 0x0000000086f00000, 0x0000000086f00000|100%| O|  |TAMS 0x0000000086e00000, 0x0000000086e00000| Untracked 
| 111|0x0000000086f00000, 0x0000000087000000, 0x0000000087000000|100%| O|  |TAMS 0x0000000086f00000, 0x0000000086f00000| Untracked 
| 112|0x0000000087000000, 0x0000000087100000, 0x0000000087100000|100%| O|  |TAMS 0x0000000087000000, 0x0000000087000000| Untracked 
| 113|0x0000000087100000, 0x0000000087200000, 0x0000000087200000|100%| O|  |TAMS 0x0000000087100000, 0x0000000087100000| Untracked 
| 114|0x0000000087200000, 0x0000000087300000, 0x0000000087300000|100%| O|  |TAMS 0x0000000087200000, 0x0000000087200000| Untracked 
| 115|0x0000000087300000, 0x0000000087400000, 0x0000000087400000|100%| O|  |TAMS 0x0000000087300000, 0x0000000087300000| Untracked 
| 116|0x0000000087400000, 0x0000000087500000, 0x0000000087500000|100%| O|  |TAMS 0x0000000087400000, 0x0000000087400000| Untracked 
| 117|0x0000000087500000, 0x0000000087600000, 0x0000000087600000|100%| O|  |TAMS 0x0000000087500000, 0x0000000087500000| Untracked 
| 118|0x0000000087600000, 0x0000000087700000, 0x0000000087700000|100%| O|  |TAMS 0x0000000087600000, 0x0000000087600000| Untracked 
| 119|0x0000000087700000, 0x0000000087800000, 0x0000000087800000|100%| O|  |TAMS 0x0000000087700000, 0x0000000087700000| Untracked 
| 120|0x0000000087800000, 0x0000000087900000, 0x0000000087900000|100%| O|  |TAMS 0x0000000087800000, 0x0000000087800000| Untracked 
| 121|0x0000000087900000, 0x0000000087a00000, 0x0000000087a00000|100%| O|  |TAMS 0x0000000087900000, 0x0000000087900000| Untracked 
| 122|0x0000000087a00000, 0x0000000087b00000, 0x0000000087b00000|100%| O|  |TAMS 0x0000000087a00000, 0x0000000087a00000| Untracked 
| 123|0x0000000087b00000, 0x0000000087c00000, 0x0000000087c00000|100%| O|  |TAMS 0x0000000087b00000, 0x0000000087b00000| Untracked 
| 124|0x0000000087c00000, 0x0000000087d00000, 0x0000000087d00000|100%| O|  |TAMS 0x0000000087c00000, 0x0000000087c00000| Untracked 
| 125|0x0000000087d00000, 0x0000000087e00000, 0x0000000087e00000|100%| O|  |TAMS 0x0000000087d00000, 0x0000000087d00000| Untracked 
| 126|0x0000000087e00000, 0x0000000087f00000, 0x0000000087f00000|100%|HS|  |TAMS 0x0000000087e00000, 0x0000000087e00000| Complete 
| 127|0x0000000087f00000, 0x0000000088000000, 0x0000000088000000|100%|HS|  |TAMS 0x0000000087f00000, 0x0000000087f00000| Complete 
| 128|0x0000000088000000, 0x0000000088100000, 0x0000000088100000|100%|HC|  |TAMS 0x0000000088000000, 0x0000000088000000| Complete 
| 129|0x0000000088100000, 0x0000000088200000, 0x0000000088200000|100%|HC|  |TAMS 0x0000000088100000, 0x0000000088100000| Complete 
| 130|0x0000000088200000, 0x0000000088300000, 0x0000000088300000|100%|HC|  |TAMS 0x0000000088200000, 0x0000000088200000| Complete 
| 131|0x0000000088300000, 0x0000000088400000, 0x0000000088400000|100%| O|  |TAMS 0x0000000088300000, 0x0000000088300000| Untracked 
| 132|0x0000000088400000, 0x0000000088500000, 0x0000000088500000|100%| O|  |TAMS 0x0000000088400000, 0x0000000088400000| Untracked 
| 133|0x0000000088500000, 0x0000000088600000, 0x0000000088600000|100%| O|  |TAMS 0x0000000088500000, 0x0000000088500000| Untracked 
| 134|0x0000000088600000, 0x0000000088700000, 0x0000000088700000|100%| O|  |TAMS 0x0000000088600000, 0x0000000088600000| Untracked 
| 135|0x0000000088700000, 0x000000008879ae00, 0x0000000088800000| 60%| O|  |TAMS 0x0000000088700000, 0x0000000088700000| Untracked 
| 136|0x0000000088800000, 0x0000000088800000, 0x0000000088900000|  0%| F|  |TAMS 0x0000000088800000, 0x0000000088800000| Untracked 
| 137|0x0000000088900000, 0x0000000088900000, 0x0000000088a00000|  0%| F|  |TAMS 0x0000000088900000, 0x0000000088900000| Untracked 
| 138|0x0000000088a00000, 0x0000000088a00000, 0x0000000088b00000|  0%| F|  |TAMS 0x0000000088a00000, 0x0000000088a00000| Untracked 
| 139|0x0000000088b00000, 0x0000000088b00000, 0x0000000088c00000|  0%| F|  |TAMS 0x0000000088b00000, 0x0000000088b00000| Untracked 
| 140|0x0000000088c00000, 0x0000000088c00000, 0x0000000088d00000|  0%| F|  |TAMS 0x0000000088c00000, 0x0000000088c00000| Untracked 
| 141|0x0000000088d00000, 0x0000000088d00000, 0x0000000088e00000|  0%| F|  |TAMS 0x0000000088d00000, 0x0000000088d00000| Untracked 
| 142|0x0000000088e00000, 0x0000000088e00000, 0x0000000088f00000|  0%| F|  |TAMS 0x0000000088e00000, 0x0000000088e00000| Untracked 
| 143|0x0000000088f00000, 0x0000000088f00000, 0x0000000089000000|  0%| F|  |TAMS 0x0000000088f00000, 0x0000000088f00000| Untracked 
| 144|0x0000000089000000, 0x0000000089000000, 0x0000000089100000|  0%| F|  |TAMS 0x0000000089000000, 0x0000000089000000| Untracked 
| 145|0x0000000089100000, 0x0000000089100000, 0x0000000089200000|  0%| F|  |TAMS 0x0000000089100000, 0x0000000089100000| Untracked 
| 146|0x0000000089200000, 0x0000000089200000, 0x0000000089300000|  0%| F|  |TAMS 0x0000000089200000, 0x0000000089200000| Untracked 
| 147|0x0000000089300000, 0x0000000089300000, 0x0000000089400000|  0%| F|  |TAMS 0x0000000089300000, 0x0000000089300000| Untracked 
| 148|0x0000000089400000, 0x0000000089400000, 0x0000000089500000|  0%| F|  |TAMS 0x0000000089400000, 0x0000000089400000| Untracked 
| 149|0x0000000089500000, 0x0000000089500000, 0x0000000089600000|  0%| F|  |TAMS 0x0000000089500000, 0x0000000089500000| Untracked 
| 150|0x0000000089600000, 0x0000000089600000, 0x0000000089700000|  0%| F|  |TAMS 0x0000000089600000, 0x0000000089600000| Untracked 
| 151|0x0000000089700000, 0x0000000089700000, 0x0000000089800000|  0%| F|  |TAMS 0x0000000089700000, 0x0000000089700000| Untracked 
| 152|0x0000000089800000, 0x0000000089800000, 0x0000000089900000|  0%| F|  |TAMS 0x0000000089800000, 0x0000000089800000| Untracked 
| 153|0x0000000089900000, 0x0000000089900000, 0x0000000089a00000|  0%| F|  |TAMS 0x0000000089900000, 0x0000000089900000| Untracked 
| 154|0x0000000089a00000, 0x0000000089a00000, 0x0000000089b00000|  0%| F|  |TAMS 0x0000000089a00000, 0x0000000089a00000| Untracked 
| 155|0x0000000089b00000, 0x0000000089b00000, 0x0000000089c00000|  0%| F|  |TAMS 0x0000000089b00000, 0x0000000089b00000| Untracked 
| 156|0x0000000089c00000, 0x0000000089c00000, 0x0000000089d00000|  0%| F|  |TAMS 0x0000000089c00000, 0x0000000089c00000| Untracked 
| 157|0x0000000089d00000, 0x0000000089d00000, 0x0000000089e00000|  0%| F|  |TAMS 0x0000000089d00000, 0x0000000089d00000| Untracked 
| 158|0x0000000089e00000, 0x0000000089e00000, 0x0000000089f00000|  0%| F|  |TAMS 0x0000000089e00000, 0x0000000089e00000| Untracked 
| 159|0x0000000089f00000, 0x0000000089f00000, 0x000000008a000000|  0%| F|  |TAMS 0x0000000089f00000, 0x0000000089f00000| Untracked 
| 160|0x000000008a000000, 0x000000008a000000, 0x000000008a100000|  0%| F|  |TAMS 0x000000008a000000, 0x000000008a000000| Untracked 
| 161|0x000000008a100000, 0x000000008a100000, 0x000000008a200000|  0%| F|  |TAMS 0x000000008a100000, 0x000000008a100000| Untracked 
| 162|0x000000008a200000, 0x000000008a200000, 0x000000008a300000|  0%| F|  |TAMS 0x000000008a200000, 0x000000008a200000| Untracked 
| 163|0x000000008a300000, 0x000000008a300000, 0x000000008a400000|  0%| F|  |TAMS 0x000000008a300000, 0x000000008a300000| Untracked 
| 164|0x000000008a400000, 0x000000008a400000, 0x000000008a500000|  0%| F|  |TAMS 0x000000008a400000, 0x000000008a400000| Untracked 
| 165|0x000000008a500000, 0x000000008a500000, 0x000000008a600000|  0%| F|  |TAMS 0x000000008a500000, 0x000000008a500000| Untracked 
| 166|0x000000008a600000, 0x000000008a600000, 0x000000008a700000|  0%| F|  |TAMS 0x000000008a600000, 0x000000008a600000| Untracked 
| 167|0x000000008a700000, 0x000000008a700000, 0x000000008a800000|  0%| F|  |TAMS 0x000000008a700000, 0x000000008a700000| Untracked 
| 168|0x000000008a800000, 0x000000008a800000, 0x000000008a900000|  0%| F|  |TAMS 0x000000008a800000, 0x000000008a800000| Untracked 
| 169|0x000000008a900000, 0x000000008a900000, 0x000000008aa00000|  0%| F|  |TAMS 0x000000008a900000, 0x000000008a900000| Untracked 
| 170|0x000000008aa00000, 0x000000008aa00000, 0x000000008ab00000|  0%| F|  |TAMS 0x000000008aa00000, 0x000000008aa00000| Untracked 
| 171|0x000000008ab00000, 0x000000008ab00000, 0x000000008ac00000|  0%| F|  |TAMS 0x000000008ab00000, 0x000000008ab00000| Untracked 
| 172|0x000000008ac00000, 0x000000008ac00000, 0x000000008ad00000|  0%| F|  |TAMS 0x000000008ac00000, 0x000000008ac00000| Untracked 
| 173|0x000000008ad00000, 0x000000008ad00000, 0x000000008ae00000|  0%| F|  |TAMS 0x000000008ad00000, 0x000000008ad00000| Untracked 
| 174|0x000000008ae00000, 0x000000008ae00000, 0x000000008af00000|  0%| F|  |TAMS 0x000000008ae00000, 0x000000008ae00000| Untracked 
| 175|0x000000008af00000, 0x000000008af00000, 0x000000008b000000|  0%| F|  |TAMS 0x000000008af00000, 0x000000008af00000| Untracked 
| 176|0x000000008b000000, 0x000000008b000000, 0x000000008b100000|  0%| F|  |TAMS 0x000000008b000000, 0x000000008b000000| Untracked 
| 177|0x000000008b100000, 0x000000008b100000, 0x000000008b200000|  0%| F|  |TAMS 0x000000008b100000, 0x000000008b100000| Untracked 
| 178|0x000000008b200000, 0x000000008b2e3470, 0x000000008b300000| 88%| S|CS|TAMS 0x000000008b200000, 0x000000008b200000| Complete 
| 179|0x000000008b300000, 0x000000008b400000, 0x000000008b400000|100%| S|CS|TAMS 0x000000008b300000, 0x000000008b300000| Complete 
| 180|0x000000008b400000, 0x000000008b400000, 0x000000008b500000|  0%| F|  |TAMS 0x000000008b400000, 0x000000008b400000| Untracked 
| 181|0x000000008b500000, 0x000000008b500000, 0x000000008b600000|  0%| F|  |TAMS 0x000000008b500000, 0x000000008b500000| Untracked 
| 182|0x000000008b600000, 0x000000008b600000, 0x000000008b700000|  0%| F|  |TAMS 0x000000008b600000, 0x000000008b600000| Untracked 
| 183|0x000000008b700000, 0x000000008b700000, 0x000000008b800000|  0%| F|  |TAMS 0x000000008b700000, 0x000000008b700000| Untracked 
| 184|0x000000008b800000, 0x000000008b800000, 0x000000008b900000|  0%| F|  |TAMS 0x000000008b800000, 0x000000008b800000| Untracked 
| 185|0x000000008b900000, 0x000000008b900000, 0x000000008ba00000|  0%| F|  |TAMS 0x000000008b900000, 0x000000008b900000| Untracked 
| 186|0x000000008ba00000, 0x000000008ba00000, 0x000000008bb00000|  0%| F|  |TAMS 0x000000008ba00000, 0x000000008ba00000| Untracked 
| 187|0x000000008bb00000, 0x000000008bb00000, 0x000000008bc00000|  0%| F|  |TAMS 0x000000008bb00000, 0x000000008bb00000| Untracked 
| 188|0x000000008bc00000, 0x000000008bc00000, 0x000000008bd00000|  0%| F|  |TAMS 0x000000008bc00000, 0x000000008bc00000| Untracked 
| 189|0x000000008bd00000, 0x000000008be00000, 0x000000008be00000|100%| S|CS|TAMS 0x000000008bd00000, 0x000000008bd00000| Complete 
| 190|0x000000008be00000, 0x000000008bf00000, 0x000000008bf00000|100%| S|CS|TAMS 0x000000008be00000, 0x000000008be00000| Complete 
| 191|0x000000008bf00000, 0x000000008c000000, 0x000000008c000000|100%| S|CS|TAMS 0x000000008bf00000, 0x000000008bf00000| Complete 
| 192|0x000000008c000000, 0x000000008c100000, 0x000000008c100000|100%| S|CS|TAMS 0x000000008c000000, 0x000000008c000000| Complete 
| 193|0x000000008c100000, 0x000000008c200000, 0x000000008c200000|100%| S|CS|TAMS 0x000000008c100000, 0x000000008c100000| Complete 
| 194|0x000000008c200000, 0x000000008c300000, 0x000000008c300000|100%| S|CS|TAMS 0x000000008c200000, 0x000000008c200000| Complete 
| 195|0x000000008c300000, 0x000000008c400000, 0x000000008c400000|100%| S|CS|TAMS 0x000000008c300000, 0x000000008c300000| Complete 
| 196|0x000000008c400000, 0x000000008c500000, 0x000000008c500000|100%| S|CS|TAMS 0x000000008c400000, 0x000000008c400000| Complete 
| 197|0x000000008c500000, 0x000000008c600000, 0x000000008c600000|100%| S|CS|TAMS 0x000000008c500000, 0x000000008c500000| Complete 
| 198|0x000000008c600000, 0x000000008c700000, 0x000000008c700000|100%| S|CS|TAMS 0x000000008c600000, 0x000000008c600000| Complete 
| 199|0x000000008c700000, 0x000000008c700000, 0x000000008c800000|  0%| F|  |TAMS 0x000000008c700000, 0x000000008c700000| Untracked 
| 200|0x000000008c800000, 0x000000008c800000, 0x000000008c900000|  0%| F|  |TAMS 0x000000008c800000, 0x000000008c800000| Untracked 
| 201|0x000000008c900000, 0x000000008c900000, 0x000000008ca00000|  0%| F|  |TAMS 0x000000008c900000, 0x000000008c900000| Untracked 
| 202|0x000000008ca00000, 0x000000008ca00000, 0x000000008cb00000|  0%| F|  |TAMS 0x000000008ca00000, 0x000000008ca00000| Untracked 
| 203|0x000000008cb00000, 0x000000008cb00000, 0x000000008cc00000|  0%| F|  |TAMS 0x000000008cb00000, 0x000000008cb00000| Untracked 
| 204|0x000000008cc00000, 0x000000008cc00000, 0x000000008cd00000|  0%| F|  |TAMS 0x000000008cc00000, 0x000000008cc00000| Untracked 
| 205|0x000000008cd00000, 0x000000008cd00000, 0x000000008ce00000|  0%| F|  |TAMS 0x000000008cd00000, 0x000000008cd00000| Untracked 
| 206|0x000000008ce00000, 0x000000008ce00000, 0x000000008cf00000|  0%| F|  |TAMS 0x000000008ce00000, 0x000000008ce00000| Untracked 
| 207|0x000000008cf00000, 0x000000008d000000, 0x000000008d000000|100%| S|CS|TAMS 0x000000008cf00000, 0x000000008cf00000| Complete 
| 208|0x000000008d000000, 0x000000008d100000, 0x000000008d100000|100%| S|CS|TAMS 0x000000008d000000, 0x000000008d000000| Complete 
| 209|0x000000008d100000, 0x000000008d200000, 0x000000008d200000|100%| S|CS|TAMS 0x000000008d100000, 0x000000008d100000| Complete 
| 210|0x000000008d200000, 0x000000008d200000, 0x000000008d300000|  0%| F|  |TAMS 0x000000008d200000, 0x000000008d200000| Untracked 
| 211|0x000000008d300000, 0x000000008d300000, 0x000000008d400000|  0%| F|  |TAMS 0x000000008d300000, 0x000000008d300000| Untracked 
| 212|0x000000008d400000, 0x000000008d400000, 0x000000008d500000|  0%| F|  |TAMS 0x000000008d400000, 0x000000008d400000| Untracked 
| 213|0x000000008d500000, 0x000000008d500000, 0x000000008d600000|  0%| F|  |TAMS 0x000000008d500000, 0x000000008d500000| Untracked 
| 214|0x000000008d600000, 0x000000008d600000, 0x000000008d700000|  0%| F|  |TAMS 0x000000008d600000, 0x000000008d600000| Untracked 
| 215|0x000000008d700000, 0x000000008d700000, 0x000000008d800000|  0%| F|  |TAMS 0x000000008d700000, 0x000000008d700000| Untracked 
| 216|0x000000008d800000, 0x000000008d800000, 0x000000008d900000|  0%| F|  |TAMS 0x000000008d800000, 0x000000008d800000| Untracked 
| 217|0x000000008d900000, 0x000000008d900000, 0x000000008da00000|  0%| F|  |TAMS 0x000000008d900000, 0x000000008d900000| Untracked 
| 218|0x000000008da00000, 0x000000008da00000, 0x000000008db00000|  0%| F|  |TAMS 0x000000008da00000, 0x000000008da00000| Untracked 
| 219|0x000000008db00000, 0x000000008db00000, 0x000000008dc00000|  0%| F|  |TAMS 0x000000008db00000, 0x000000008db00000| Untracked 
| 220|0x000000008dc00000, 0x000000008dc00000, 0x000000008dd00000|  0%| F|  |TAMS 0x000000008dc00000, 0x000000008dc00000| Untracked 
| 221|0x000000008dd00000, 0x000000008dd00000, 0x000000008de00000|  0%| F|  |TAMS 0x000000008dd00000, 0x000000008dd00000| Untracked 
| 222|0x000000008de00000, 0x000000008de00000, 0x000000008df00000|  0%| F|  |TAMS 0x000000008de00000, 0x000000008de00000| Untracked 
| 223|0x000000008df00000, 0x000000008df00000, 0x000000008e000000|  0%| F|  |TAMS 0x000000008df00000, 0x000000008df00000| Untracked 
| 224|0x000000008e000000, 0x000000008e000000, 0x000000008e100000|  0%| F|  |TAMS 0x000000008e000000, 0x000000008e000000| Untracked 
| 225|0x000000008e100000, 0x000000008e100000, 0x000000008e200000|  0%| F|  |TAMS 0x000000008e100000, 0x000000008e100000| Untracked 
| 226|0x000000008e200000, 0x000000008e200000, 0x000000008e300000|  0%| F|  |TAMS 0x000000008e200000, 0x000000008e200000| Untracked 
| 227|0x000000008e300000, 0x000000008e300000, 0x000000008e400000|  0%| F|  |TAMS 0x000000008e300000, 0x000000008e300000| Untracked 
| 228|0x000000008e400000, 0x000000008e400000, 0x000000008e500000|  0%| F|  |TAMS 0x000000008e400000, 0x000000008e400000| Untracked 
| 229|0x000000008e500000, 0x000000008e500000, 0x000000008e600000|  0%| F|  |TAMS 0x000000008e500000, 0x000000008e500000| Untracked 
| 230|0x000000008e600000, 0x000000008e600000, 0x000000008e700000|  0%| F|  |TAMS 0x000000008e600000, 0x000000008e600000| Untracked 
| 231|0x000000008e700000, 0x000000008e700000, 0x000000008e800000|  0%| F|  |TAMS 0x000000008e700000, 0x000000008e700000| Untracked 
| 232|0x000000008e800000, 0x000000008e800000, 0x000000008e900000|  0%| F|  |TAMS 0x000000008e800000, 0x000000008e800000| Untracked 
| 233|0x000000008e900000, 0x000000008e900000, 0x000000008ea00000|  0%| F|  |TAMS 0x000000008e900000, 0x000000008e900000| Untracked 
| 234|0x000000008ea00000, 0x000000008ea00000, 0x000000008eb00000|  0%| F|  |TAMS 0x000000008ea00000, 0x000000008ea00000| Untracked 
| 235|0x000000008eb00000, 0x000000008eb00000, 0x000000008ec00000|  0%| F|  |TAMS 0x000000008eb00000, 0x000000008eb00000| Untracked 
| 236|0x000000008ec00000, 0x000000008ec00000, 0x000000008ed00000|  0%| F|  |TAMS 0x000000008ec00000, 0x000000008ec00000| Untracked 
| 237|0x000000008ed00000, 0x000000008ed00000, 0x000000008ee00000|  0%| F|  |TAMS 0x000000008ed00000, 0x000000008ed00000| Untracked 
| 238|0x000000008ee00000, 0x000000008ee00000, 0x000000008ef00000|  0%| F|  |TAMS 0x000000008ee00000, 0x000000008ee00000| Untracked 
| 239|0x000000008ef00000, 0x000000008ef00000, 0x000000008f000000|  0%| F|  |TAMS 0x000000008ef00000, 0x000000008ef00000| Untracked 
| 240|0x000000008f000000, 0x000000008f000000, 0x000000008f100000|  0%| F|  |TAMS 0x000000008f000000, 0x000000008f000000| Untracked 
| 241|0x000000008f100000, 0x000000008f100000, 0x000000008f200000|  0%| F|  |TAMS 0x000000008f100000, 0x000000008f100000| Untracked 
| 242|0x000000008f200000, 0x000000008f200000, 0x000000008f300000|  0%| F|  |TAMS 0x000000008f200000, 0x000000008f200000| Untracked 
| 243|0x000000008f300000, 0x000000008f300000, 0x000000008f400000|  0%| F|  |TAMS 0x000000008f300000, 0x000000008f300000| Untracked 
| 244|0x000000008f400000, 0x000000008f400000, 0x000000008f500000|  0%| F|  |TAMS 0x000000008f400000, 0x000000008f400000| Untracked 
| 245|0x000000008f500000, 0x000000008f500000, 0x000000008f600000|  0%| F|  |TAMS 0x000000008f500000, 0x000000008f500000| Untracked 
| 246|0x000000008f600000, 0x000000008f600000, 0x000000008f700000|  0%| F|  |TAMS 0x000000008f600000, 0x000000008f600000| Untracked 
| 247|0x000000008f700000, 0x000000008f700000, 0x000000008f800000|  0%| F|  |TAMS 0x000000008f700000, 0x000000008f700000| Untracked 
| 248|0x000000008f800000, 0x000000008f800000, 0x000000008f900000|  0%| F|  |TAMS 0x000000008f800000, 0x000000008f800000| Untracked 
| 249|0x000000008f900000, 0x000000008f900000, 0x000000008fa00000|  0%| F|  |TAMS 0x000000008f900000, 0x000000008f900000| Untracked 
| 250|0x000000008fa00000, 0x000000008fa00000, 0x000000008fb00000|  0%| F|  |TAMS 0x000000008fa00000, 0x000000008fa00000| Untracked 
| 251|0x000000008fb00000, 0x000000008fb00000, 0x000000008fc00000|  0%| F|  |TAMS 0x000000008fb00000, 0x000000008fb00000| Untracked 
| 252|0x000000008fc00000, 0x000000008fc00000, 0x000000008fd00000|  0%| F|  |TAMS 0x000000008fc00000, 0x000000008fc00000| Untracked 
| 253|0x000000008fd00000, 0x000000008fd00000, 0x000000008fe00000|  0%| F|  |TAMS 0x000000008fd00000, 0x000000008fd00000| Untracked 
| 254|0x000000008fe00000, 0x000000008fe00000, 0x000000008ff00000|  0%| F|  |TAMS 0x000000008fe00000, 0x000000008fe00000| Untracked 
| 255|0x000000008ff00000, 0x000000008ff00000, 0x0000000090000000|  0%| F|  |TAMS 0x000000008ff00000, 0x000000008ff00000| Untracked 
| 256|0x0000000090000000, 0x0000000090000000, 0x0000000090100000|  0%| F|  |TAMS 0x0000000090000000, 0x0000000090000000| Untracked 
| 257|0x0000000090100000, 0x0000000090100000, 0x0000000090200000|  0%| F|  |TAMS 0x0000000090100000, 0x0000000090100000| Untracked 
| 258|0x0000000090200000, 0x0000000090200000, 0x0000000090300000|  0%| F|  |TAMS 0x0000000090200000, 0x0000000090200000| Untracked 
| 259|0x0000000090300000, 0x0000000090300000, 0x0000000090400000|  0%| F|  |TAMS 0x0000000090300000, 0x0000000090300000| Untracked 
| 260|0x0000000090400000, 0x0000000090400000, 0x0000000090500000|  0%| F|  |TAMS 0x0000000090400000, 0x0000000090400000| Untracked 
| 261|0x0000000090500000, 0x0000000090500000, 0x0000000090600000|  0%| F|  |TAMS 0x0000000090500000, 0x0000000090500000| Untracked 
| 262|0x0000000090600000, 0x0000000090600000, 0x0000000090700000|  0%| F|  |TAMS 0x0000000090600000, 0x0000000090600000| Untracked 
| 263|0x0000000090700000, 0x0000000090700000, 0x0000000090800000|  0%| F|  |TAMS 0x0000000090700000, 0x0000000090700000| Untracked 
| 264|0x0000000090800000, 0x0000000090800000, 0x0000000090900000|  0%| F|  |TAMS 0x0000000090800000, 0x0000000090800000| Untracked 
| 265|0x0000000090900000, 0x0000000090900000, 0x0000000090a00000|  0%| F|  |TAMS 0x0000000090900000, 0x0000000090900000| Untracked 
| 266|0x0000000090a00000, 0x0000000090a00000, 0x0000000090b00000|  0%| F|  |TAMS 0x0000000090a00000, 0x0000000090a00000| Untracked 
| 267|0x0000000090b00000, 0x0000000090b00000, 0x0000000090c00000|  0%| F|  |TAMS 0x0000000090b00000, 0x0000000090b00000| Untracked 
| 268|0x0000000090c00000, 0x0000000090c00000, 0x0000000090d00000|  0%| F|  |TAMS 0x0000000090c00000, 0x0000000090c00000| Untracked 
| 269|0x0000000090d00000, 0x0000000090d00000, 0x0000000090e00000|  0%| F|  |TAMS 0x0000000090d00000, 0x0000000090d00000| Untracked 
| 270|0x0000000090e00000, 0x0000000090e00000, 0x0000000090f00000|  0%| F|  |TAMS 0x0000000090e00000, 0x0000000090e00000| Untracked 
| 271|0x0000000090f00000, 0x0000000090f00000, 0x0000000091000000|  0%| F|  |TAMS 0x0000000090f00000, 0x0000000090f00000| Untracked 
| 272|0x0000000091000000, 0x0000000091000000, 0x0000000091100000|  0%| F|  |TAMS 0x0000000091000000, 0x0000000091000000| Untracked 
| 273|0x0000000091100000, 0x0000000091100000, 0x0000000091200000|  0%| F|  |TAMS 0x0000000091100000, 0x0000000091100000| Untracked 
| 274|0x0000000091200000, 0x0000000091200000, 0x0000000091300000|  0%| F|  |TAMS 0x0000000091200000, 0x0000000091200000| Untracked 
| 275|0x0000000091300000, 0x0000000091300000, 0x0000000091400000|  0%| F|  |TAMS 0x0000000091300000, 0x0000000091300000| Untracked 
| 276|0x0000000091400000, 0x0000000091400000, 0x0000000091500000|  0%| F|  |TAMS 0x0000000091400000, 0x0000000091400000| Untracked 
| 277|0x0000000091500000, 0x0000000091500000, 0x0000000091600000|  0%| F|  |TAMS 0x0000000091500000, 0x0000000091500000| Untracked 
| 278|0x0000000091600000, 0x0000000091600000, 0x0000000091700000|  0%| F|  |TAMS 0x0000000091600000, 0x0000000091600000| Untracked 
| 279|0x0000000091700000, 0x0000000091700000, 0x0000000091800000|  0%| F|  |TAMS 0x0000000091700000, 0x0000000091700000| Untracked 
| 280|0x0000000091800000, 0x0000000091800000, 0x0000000091900000|  0%| F|  |TAMS 0x0000000091800000, 0x0000000091800000| Untracked 
| 281|0x0000000091900000, 0x0000000091900000, 0x0000000091a00000|  0%| F|  |TAMS 0x0000000091900000, 0x0000000091900000| Untracked 
| 282|0x0000000091a00000, 0x0000000091a00000, 0x0000000091b00000|  0%| F|  |TAMS 0x0000000091a00000, 0x0000000091a00000| Untracked 
| 283|0x0000000091b00000, 0x0000000091b00000, 0x0000000091c00000|  0%| F|  |TAMS 0x0000000091b00000, 0x0000000091b00000| Untracked 
| 284|0x0000000091c00000, 0x0000000091c00000, 0x0000000091d00000|  0%| F|  |TAMS 0x0000000091c00000, 0x0000000091c00000| Untracked 
| 285|0x0000000091d00000, 0x0000000091d00000, 0x0000000091e00000|  0%| F|  |TAMS 0x0000000091d00000, 0x0000000091d00000| Untracked 
| 286|0x0000000091e00000, 0x0000000091e00000, 0x0000000091f00000|  0%| F|  |TAMS 0x0000000091e00000, 0x0000000091e00000| Untracked 
| 287|0x0000000091f00000, 0x0000000091f00000, 0x0000000092000000|  0%| F|  |TAMS 0x0000000091f00000, 0x0000000091f00000| Untracked 
| 288|0x0000000092000000, 0x0000000092000000, 0x0000000092100000|  0%| F|  |TAMS 0x0000000092000000, 0x0000000092000000| Untracked 
| 289|0x0000000092100000, 0x0000000092100000, 0x0000000092200000|  0%| F|  |TAMS 0x0000000092100000, 0x0000000092100000| Untracked 
| 290|0x0000000092200000, 0x000000009221cf60, 0x0000000092300000| 11%| E|  |TAMS 0x0000000092200000, 0x0000000092200000| Complete 
| 291|0x0000000092300000, 0x0000000092400000, 0x0000000092400000|100%| E|CS|TAMS 0x0000000092300000, 0x0000000092300000| Complete 
| 292|0x0000000092400000, 0x0000000092500000, 0x0000000092500000|100%| E|CS|TAMS 0x0000000092400000, 0x0000000092400000| Complete 
| 293|0x0000000092500000, 0x0000000092600000, 0x0000000092600000|100%| E|CS|TAMS 0x0000000092500000, 0x0000000092500000| Complete 
| 294|0x0000000092600000, 0x0000000092700000, 0x0000000092700000|100%| E|CS|TAMS 0x0000000092600000, 0x0000000092600000| Complete 
| 295|0x0000000092700000, 0x0000000092800000, 0x0000000092800000|100%| E|CS|TAMS 0x0000000092700000, 0x0000000092700000| Complete 
| 296|0x0000000092800000, 0x0000000092900000, 0x0000000092900000|100%| E|CS|TAMS 0x0000000092800000, 0x0000000092800000| Complete 
| 297|0x0000000092900000, 0x0000000092a00000, 0x0000000092a00000|100%| E|CS|TAMS 0x0000000092900000, 0x0000000092900000| Complete 
| 298|0x0000000092a00000, 0x0000000092b00000, 0x0000000092b00000|100%| E|CS|TAMS 0x0000000092a00000, 0x0000000092a00000| Complete 
| 299|0x0000000092b00000, 0x0000000092c00000, 0x0000000092c00000|100%| E|CS|TAMS 0x0000000092b00000, 0x0000000092b00000| Complete 
| 300|0x0000000092c00000, 0x0000000092d00000, 0x0000000092d00000|100%| E|  |TAMS 0x0000000092c00000, 0x0000000092c00000| Complete 
| 301|0x0000000092d00000, 0x0000000092e00000, 0x0000000092e00000|100%| E|CS|TAMS 0x0000000092d00000, 0x0000000092d00000| Complete 
| 302|0x0000000092e00000, 0x0000000092f00000, 0x0000000092f00000|100%| E|CS|TAMS 0x0000000092e00000, 0x0000000092e00000| Complete 
| 303|0x0000000092f00000, 0x0000000093000000, 0x0000000093000000|100%| E|CS|TAMS 0x0000000092f00000, 0x0000000092f00000| Complete 
| 304|0x0000000093000000, 0x0000000093100000, 0x0000000093100000|100%| E|CS|TAMS 0x0000000093000000, 0x0000000093000000| Complete 
| 305|0x0000000093100000, 0x0000000093200000, 0x0000000093200000|100%| E|CS|TAMS 0x0000000093100000, 0x0000000093100000| Complete 
| 306|0x0000000093200000, 0x0000000093300000, 0x0000000093300000|100%| E|CS|TAMS 0x0000000093200000, 0x0000000093200000| Complete 
| 307|0x0000000093300000, 0x0000000093400000, 0x0000000093400000|100%| E|CS|TAMS 0x0000000093300000, 0x0000000093300000| Complete 
| 308|0x0000000093400000, 0x0000000093500000, 0x0000000093500000|100%| E|CS|TAMS 0x0000000093400000, 0x0000000093400000| Complete 
| 309|0x0000000093500000, 0x0000000093600000, 0x0000000093600000|100%| E|CS|TAMS 0x0000000093500000, 0x0000000093500000| Complete 
| 310|0x0000000093600000, 0x0000000093700000, 0x0000000093700000|100%| E|CS|TAMS 0x0000000093600000, 0x0000000093600000| Complete 
| 311|0x0000000093700000, 0x0000000093800000, 0x0000000093800000|100%| E|CS|TAMS 0x0000000093700000, 0x0000000093700000| Complete 
| 312|0x0000000093800000, 0x0000000093900000, 0x0000000093900000|100%| E|CS|TAMS 0x0000000093800000, 0x0000000093800000| Complete 
| 313|0x0000000093900000, 0x0000000093a00000, 0x0000000093a00000|100%| E|CS|TAMS 0x0000000093900000, 0x0000000093900000| Complete 
| 314|0x0000000093a00000, 0x0000000093b00000, 0x0000000093b00000|100%| E|CS|TAMS 0x0000000093a00000, 0x0000000093a00000| Complete 
| 315|0x0000000093b00000, 0x0000000093c00000, 0x0000000093c00000|100%| E|CS|TAMS 0x0000000093b00000, 0x0000000093b00000| Complete 
| 316|0x0000000093c00000, 0x0000000093d00000, 0x0000000093d00000|100%| E|CS|TAMS 0x0000000093c00000, 0x0000000093c00000| Complete 
| 317|0x0000000093d00000, 0x0000000093e00000, 0x0000000093e00000|100%| E|CS|TAMS 0x0000000093d00000, 0x0000000093d00000| Complete 
| 318|0x0000000093e00000, 0x0000000093f00000, 0x0000000093f00000|100%| E|CS|TAMS 0x0000000093e00000, 0x0000000093e00000| Complete 
| 319|0x0000000093f00000, 0x0000000094000000, 0x0000000094000000|100%| E|CS|TAMS 0x0000000093f00000, 0x0000000093f00000| Complete 
| 320|0x0000000094000000, 0x0000000094100000, 0x0000000094100000|100%| E|CS|TAMS 0x0000000094000000, 0x0000000094000000| Complete 
| 321|0x0000000094100000, 0x0000000094200000, 0x0000000094200000|100%| E|CS|TAMS 0x0000000094100000, 0x0000000094100000| Complete 
| 322|0x0000000094200000, 0x0000000094300000, 0x0000000094300000|100%| E|CS|TAMS 0x0000000094200000, 0x0000000094200000| Complete 
| 323|0x0000000094300000, 0x0000000094400000, 0x0000000094400000|100%| E|CS|TAMS 0x0000000094300000, 0x0000000094300000| Complete 
| 324|0x0000000094400000, 0x0000000094500000, 0x0000000094500000|100%| E|CS|TAMS 0x0000000094400000, 0x0000000094400000| Complete 
| 325|0x0000000094500000, 0x0000000094600000, 0x0000000094600000|100%| E|CS|TAMS 0x0000000094500000, 0x0000000094500000| Complete 
| 326|0x0000000094600000, 0x0000000094700000, 0x0000000094700000|100%| E|CS|TAMS 0x0000000094600000, 0x0000000094600000| Complete 
| 327|0x0000000094700000, 0x0000000094800000, 0x0000000094800000|100%| E|CS|TAMS 0x0000000094700000, 0x0000000094700000| Complete 
| 328|0x0000000094800000, 0x0000000094900000, 0x0000000094900000|100%| E|CS|TAMS 0x0000000094800000, 0x0000000094800000| Complete 
| 329|0x0000000094900000, 0x0000000094a00000, 0x0000000094a00000|100%| E|CS|TAMS 0x0000000094900000, 0x0000000094900000| Complete 
| 330|0x0000000094a00000, 0x0000000094b00000, 0x0000000094b00000|100%| E|CS|TAMS 0x0000000094a00000, 0x0000000094a00000| Complete 
| 331|0x0000000094b00000, 0x0000000094c00000, 0x0000000094c00000|100%| E|CS|TAMS 0x0000000094b00000, 0x0000000094b00000| Complete 
| 332|0x0000000094c00000, 0x0000000094d00000, 0x0000000094d00000|100%| E|CS|TAMS 0x0000000094c00000, 0x0000000094c00000| Complete 
| 333|0x0000000094d00000, 0x0000000094e00000, 0x0000000094e00000|100%| E|CS|TAMS 0x0000000094d00000, 0x0000000094d00000| Complete 
| 334|0x0000000094e00000, 0x0000000094f00000, 0x0000000094f00000|100%| E|CS|TAMS 0x0000000094e00000, 0x0000000094e00000| Complete 
| 335|0x0000000094f00000, 0x0000000095000000, 0x0000000095000000|100%| E|CS|TAMS 0x0000000094f00000, 0x0000000094f00000| Complete 

Card table byte_map: [0x0000020a7ccb0000,0x0000020a7d0b0000] _byte_map_base: 0x0000020a7c8b0000

Marking Bits (Prev, Next): (CMBitMap*) 0x0000020a65a82f00, (CMBitMap*) 0x0000020a65a82f40
 Prev Bits: [0x0000020a7d4b0000, 0x0000020a7f4b0000)
 Next Bits: [0x0000020a00000000, 0x0000020a02000000)

Polling page: 0x0000020a63880000

Metaspace:

Usage:
  Non-class:    121.10 MB used.
      Class:     17.41 MB used.
       Both:    138.51 MB used.

Virtual space:
  Non-class space:      128.00 MB reserved,     122.12 MB ( 95%) committed,  2 nodes.
      Class space:        1.00 GB reserved,      18.62 MB (  2%) committed,  1 nodes.
             Both:        1.12 GB reserved,     140.75 MB ( 12%) committed. 

Chunk freelists:
   Non-Class:  1.64 MB
       Class:  1.41 MB
        Both:  3.05 MB

MaxMetaspaceSize: unlimited
CompressedClassSpaceSize: 1.00 GB
Initial GC threshold: 21.00 MB
Current GC threshold: 172.31 MB
CDS: on
MetaspaceReclaimPolicy: balanced
 - commit_granule_bytes: 65536.
 - commit_granule_words: 8192.
 - virtual_space_node_default_size: 8388608.
 - enlarge_chunks_in_place: 1.
 - new_chunks_are_fully_committed: 0.
 - uncommit_free_chunks: 1.
 - use_allocation_guard: 0.


Internal statistics:

num_allocs_failed_limit: 6.
num_arena_births: 4282.
num_arena_deaths: 0.
num_vsnodes_births: 3.
num_vsnodes_deaths: 0.
num_space_committed: 2250.
num_space_uncommitted: 0.
num_chunks_returned_to_freelist: 6.
num_chunks_taken_from_freelist: 9850.
num_chunk_merges: 6.
num_chunk_splits: 7033.
num_chunks_enlarged: 5011.
num_inconsistent_stats: 0.

CodeHeap 'non-profiled nmethods': size=120000Kb used=7530Kb max_used=7530Kb free=112469Kb
 bounds [0x0000020a74e20000, 0x0000020a75580000, 0x0000020a7c350000]
CodeHeap 'profiled nmethods': size=120000Kb used=33303Kb max_used=33303Kb free=86696Kb
 bounds [0x0000020a6d8f0000, 0x0000020a6f980000, 0x0000020a74e20000]
CodeHeap 'non-nmethods': size=5760Kb used=1916Kb max_used=1967Kb free=3843Kb
 bounds [0x0000020a6d350000, 0x0000020a6d5c0000, 0x0000020a6d8f0000]
 total_blobs=16360 nmethods=15331 adapters=939
 compilation: enabled
              stopped_count=0, restarted_count=0
 full_count=0

Compilation events (20 events):
Event: 136.648 Thread 0x0000020a04171980 nmethod 17863 0x0000020a75575f10 code [0x0000020a75576080, 0x0000020a755760f8]
Event: 136.648 Thread 0x0000020a04171980 17862       4       com.google.common.cache.LocalCache$NullEntry::setNextInAccessQueue (1 bytes)
Event: 136.648 Thread 0x0000020a04171980 nmethod 17862 0x0000020a75576210 code [0x0000020a75576380, 0x0000020a755763f8]
Event: 136.709 Thread 0x0000020a04171980 17865   !   4       sun.security.provider.DigestBase::engineDigest (33 bytes)
Event: 136.737 Thread 0x0000020a04171980 nmethod 17865 0x0000020a75576510 code [0x0000020a755766e0, 0x0000020a75576f28]
Event: 136.738 Thread 0x0000020a04171980 17867       4       java.math.BigInteger::makePositive (259 bytes)
Event: 136.772 Thread 0x0000020a04171980 nmethod 17867 0x0000020a75577710 code [0x0000020a755778a0, 0x0000020a75577f38]
Event: 136.772 Thread 0x0000020a04171980 17866       4       com.google.common.collect.MapMakerInternalMap$AbstractWeakKeyEntry::getKey (5 bytes)
Event: 136.774 Thread 0x0000020a04171980 nmethod 17866 0x0000020a75578390 code [0x0000020a75578500, 0x0000020a755785b8]
Event: 136.908 Thread 0x0000020a04171980 17868       4       org.gradle.cache.internal.btree.BTreePersistentIndexedCache$IndexBlock::write (87 bytes)
Event: 136.931 Thread 0x0000020a04171980 nmethod 17868 0x0000020a75578a90 code [0x0000020a75578ca0, 0x0000020a75579678]
Event: 137.006 Thread 0x0000020a04171980 17870 %     4       java.math.BigInteger::stripLeadingZeroBytes @ 95 (141 bytes)
Event: 137.012 Thread 0x0000020a04171980 nmethod 17870% 0x0000020a7557a190 code [0x0000020a7557a320, 0x0000020a7557a5f8]
Event: 137.013 Thread 0x0000020a041729f0 17871       3       org.gradle.cache.internal.btree.BTreePersistentIndexedCache$IndexBlock::maybeSplit (160 bytes)
Event: 137.015 Thread 0x0000020a041729f0 nmethod 17871 0x0000020a6f96ee90 code [0x0000020a6f96f180, 0x0000020a6f9703b8]
Event: 137.032 Thread 0x0000020a04171980 17872       4       org.gradle.cache.internal.btree.CachingBlockStore::read (56 bytes)
Event: 137.032 Thread 0x0000020a041729f0 17873       3       org.gradle.cache.internal.btree.BTreePersistentIndexedCache$DataBlock::getSize (8 bytes)
Event: 137.033 Thread 0x0000020a041729f0 nmethod 17873 0x0000020a6f970a10 code [0x0000020a6f970ba0, 0x0000020a6f970cb8]
Event: 137.127 Thread 0x0000020a041729f0 17876       3       org.gradle.cache.internal.btree.FileBackedBlockStore::alloc (17 bytes)
Event: 137.127 Thread 0x0000020a041729f0 nmethod 17876 0x0000020a6f970d90 code [0x0000020a6f970f20, 0x0000020a6f971038]

GC Heap History (20 events):
Event: 61.037 GC heap before
{Heap before GC invocations=52 (full 0):
 garbage-first heap   total 140288K, used 88315K [0x0000000080000000, 0x0000000100000000)
  region size 1024K, 6 young (6144K), 3 survivors (3072K)
 Metaspace       used 99869K, committed 101760K, reserved 1179648K
  class space    used 12762K, committed 13760K, reserved 1048576K
}
Event: 61.044 GC heap after
{Heap after GC invocations=53 (full 0):
 garbage-first heap   total 140288K, used 79601K [0x0000000080000000, 0x0000000100000000)
  region size 1024K, 1 young (1024K), 1 survivors (1024K)
 Metaspace       used 99869K, committed 101760K, reserved 1179648K
  class space    used 12762K, committed 13760K, reserved 1048576K
}
Event: 64.314 GC heap before
{Heap before GC invocations=53 (full 0):
 garbage-first heap   total 140288K, used 111345K [0x0000000080000000, 0x0000000100000000)
  region size 1024K, 33 young (33792K), 1 survivors (1024K)
 Metaspace       used 103913K, committed 105856K, reserved 1179648K
  class space    used 13410K, committed 14400K, reserved 1048576K
}
Event: 64.342 GC heap after
{Heap after GC invocations=54 (full 0):
 garbage-first heap   total 140288K, used 81159K [0x0000000080000000, 0x0000000100000000)
  region size 1024K, 2 young (2048K), 2 survivors (2048K)
 Metaspace       used 103913K, committed 105856K, reserved 1179648K
  class space    used 13410K, committed 14400K, reserved 1048576K
}
Event: 66.341 GC heap before
{Heap before GC invocations=55 (full 0):
 garbage-first heap   total 140288K, used 113927K [0x0000000080000000, 0x0000000100000000)
  region size 1024K, 34 young (34816K), 2 survivors (2048K)
 Metaspace       used 106853K, committed 108864K, reserved 1179648K
  class space    used 13754K, committed 14784K, reserved 1048576K
}
Event: 66.348 GC heap after
{Heap after GC invocations=56 (full 0):
 garbage-first heap   total 140288K, used 84166K [0x0000000080000000, 0x0000000100000000)
  region size 1024K, 5 young (5120K), 5 survivors (5120K)
 Metaspace       used 106853K, committed 108864K, reserved 1179648K
  class space    used 13754K, committed 14784K, reserved 1048576K
}
Event: 66.353 GC heap before
{Heap before GC invocations=56 (full 0):
 garbage-first heap   total 140288K, used 85190K [0x0000000080000000, 0x0000000100000000)
  region size 1024K, 6 young (6144K), 5 survivors (5120K)
 Metaspace       used 106854K, committed 108864K, reserved 1179648K
  class space    used 13754K, committed 14784K, reserved 1048576K
}
Event: 66.363 GC heap after
{Heap after GC invocations=57 (full 0):
 garbage-first heap   total 140288K, used 74774K [0x0000000080000000, 0x0000000100000000)
  region size 1024K, 1 young (1024K), 1 survivors (1024K)
 Metaspace       used 106854K, committed 108864K, reserved 1179648K
  class space    used 13754K, committed 14784K, reserved 1048576K
}
Event: 66.635 GC heap before
{Heap before GC invocations=57 (full 0):
 garbage-first heap   total 140288K, used 80918K [0x0000000080000000, 0x0000000100000000)
  region size 1024K, 8 young (8192K), 1 survivors (1024K)
 Metaspace       used 106921K, committed 108928K, reserved 1179648K
  class space    used 13756K, committed 14784K, reserved 1048576K
}
Event: 66.660 GC heap after
{Heap after GC invocations=58 (full 0):
 garbage-first heap   total 344064K, used 76175K [0x0000000080000000, 0x0000000100000000)
  region size 1024K, 2 young (2048K), 2 survivors (2048K)
 Metaspace       used 106921K, committed 108928K, reserved 1179648K
  class space    used 13756K, committed 14784K, reserved 1048576K
}
Event: 89.388 GC heap before
{Heap before GC invocations=58 (full 0):
 garbage-first heap   total 344064K, used 250255K [0x0000000080000000, 0x0000000100000000)
  region size 1024K, 172 young (176128K), 2 survivors (2048K)
 Metaspace       used 120418K, committed 122496K, reserved 1179648K
  class space    used 15264K, committed 16384K, reserved 1048576K
}
Event: 89.425 GC heap after
{Heap after GC invocations=59 (full 0):
 garbage-first heap   total 344064K, used 91632K [0x0000000080000000, 0x0000000100000000)
  region size 1024K, 17 young (17408K), 17 survivors (17408K)
 Metaspace       used 120418K, committed 122496K, reserved 1179648K
  class space    used 15264K, committed 16384K, reserved 1048576K
}
Event: 97.374 GC heap before
{Heap before GC invocations=59 (full 0):
 garbage-first heap   total 344064K, used 253424K [0x0000000080000000, 0x0000000100000000)
  region size 1024K, 166 young (169984K), 17 survivors (17408K)
 Metaspace       used 121650K, committed 123712K, reserved 1179648K
  class space    used 15370K, committed 16448K, reserved 1048576K
}
Event: 97.436 GC heap after
{Heap after GC invocations=60 (full 0):
 garbage-first heap   total 344064K, used 111098K [0x0000000080000000, 0x0000000100000000)
  region size 1024K, 21 young (21504K), 21 survivors (21504K)
 Metaspace       used 121650K, committed 123712K, reserved 1179648K
  class space    used 15370K, committed 16448K, reserved 1048576K
}
Event: 107.934 GC heap before
{Heap before GC invocations=60 (full 0):
 garbage-first heap   total 344064K, used 267770K [0x0000000080000000, 0x0000000100000000)
  region size 1024K, 158 young (161792K), 21 survivors (21504K)
 Metaspace       used 125524K, committed 127616K, reserved 1179648K
  class space    used 15807K, committed 16896K, reserved 1048576K
}
Event: 107.967 GC heap after
{Heap after GC invocations=61 (full 0):
 garbage-first heap   total 344064K, used 133941K [0x0000000080000000, 0x0000000100000000)
  region size 1024K, 10 young (10240K), 10 survivors (10240K)
 Metaspace       used 125524K, committed 127616K, reserved 1179648K
  class space    used 15807K, committed 16896K, reserved 1048576K
}
Event: 121.061 GC heap before
{Heap before GC invocations=61 (full 0):
 garbage-first heap   total 344064K, used 271157K [0x0000000080000000, 0x0000000100000000)
  region size 1024K, 139 young (142336K), 10 survivors (10240K)
 Metaspace       used 135388K, committed 137664K, reserved 1179648K
  class space    used 17036K, committed 18240K, reserved 1048576K
}
Event: 121.075 GC heap after
{Heap after GC invocations=62 (full 0):
 garbage-first heap   total 344064K, used 142411K [0x0000000080000000, 0x0000000100000000)
  region size 1024K, 17 young (17408K), 17 survivors (17408K)
 Metaspace       used 135388K, committed 137664K, reserved 1179648K
  class space    used 17036K, committed 18240K, reserved 1048576K
}
Event: 130.626 GC heap before
{Heap before GC invocations=62 (full 0):
 garbage-first heap   total 344064K, used 276555K [0x0000000080000000, 0x0000000100000000)
  region size 1024K, 143 young (146432K), 17 survivors (17408K)
 Metaspace       used 141754K, committed 144064K, reserved 1179648K
  class space    used 17829K, committed 19072K, reserved 1048576K
}
Event: 130.758 GC heap after
{Heap after GC invocations=63 (full 0):
 garbage-first heap   total 344064K, used 152955K [0x0000000080000000, 0x0000000100000000)
  region size 1024K, 15 young (15360K), 15 survivors (15360K)
 Metaspace       used 141754K, committed 144064K, reserved 1179648K
  class space    used 17829K, committed 19072K, reserved 1048576K
}

Deoptimization events (20 events):
Event: 131.083 Thread 0x0000020a098b22d0 DEOPT PACKING pc=0x0000020a74ecedcc sp=0x0000005d01ff6e30
Event: 131.083 Thread 0x0000020a098b22d0 DEOPT UNPACKING pc=0x0000020a6d3a23a3 sp=0x0000005d01ff6dc8 mode 2
Event: 131.083 Thread 0x0000020a098b22d0 Uncommon trap: trap_request=0xffffff45 fr.pc=0x0000020a7554b608 relative=0x00000000000001e8
Event: 131.083 Thread 0x0000020a098b22d0 Uncommon trap: reason=unstable_if action=reinterpret pc=0x0000020a7554b608 method=kotlinx.metadata.internal.protobuf.ByteString.copyTo([BIII)V @ 212 c2
Event: 131.086 Thread 0x0000020a098b22d0 DEOPT PACKING pc=0x0000020a7554b608 sp=0x0000005d01ff6c40
Event: 131.086 Thread 0x0000020a098b22d0 DEOPT UNPACKING pc=0x0000020a6d3a23a3 sp=0x0000005d01ff6b50 mode 2
Event: 135.151 Thread 0x0000020a098b22d0 Uncommon trap: trap_request=0xffffffbe fr.pc=0x0000020a74fe05f4 relative=0x0000000000000654
Event: 135.152 Thread 0x0000020a098b22d0 Uncommon trap: reason=profile_predicate action=maybe_recompile pc=0x0000020a74fe05f4 method=org.gradle.internal.file.FileHierarchySet$Node.isChildOfOrThis(Ljava/lang/String;I)Z @ 54 c2
Event: 135.152 Thread 0x0000020a098b22d0 DEOPT PACKING pc=0x0000020a74fe05f4 sp=0x0000005d01ff65c0
Event: 135.152 Thread 0x0000020a098b22d0 DEOPT UNPACKING pc=0x0000020a6d3a23a3 sp=0x0000005d01ff6530 mode 2
Event: 135.154 Thread 0x0000020a098b22d0 Uncommon trap: trap_request=0xffffffbe fr.pc=0x0000020a74fe05f4 relative=0x0000000000000654
Event: 135.154 Thread 0x0000020a098b22d0 Uncommon trap: reason=profile_predicate action=maybe_recompile pc=0x0000020a74fe05f4 method=org.gradle.internal.file.FileHierarchySet$Node.isChildOfOrThis(Ljava/lang/String;I)Z @ 54 c2
Event: 135.154 Thread 0x0000020a098b22d0 DEOPT PACKING pc=0x0000020a74fe05f4 sp=0x0000005d01ff65c0
Event: 135.155 Thread 0x0000020a098b22d0 DEOPT UNPACKING pc=0x0000020a6d3a23a3 sp=0x0000005d01ff6530 mode 2
Event: 135.188 Thread 0x0000020a098b22d0 Uncommon trap: trap_request=0xffffffbe fr.pc=0x0000020a74fe05f4 relative=0x0000000000000654
Event: 135.188 Thread 0x0000020a098b22d0 Uncommon trap: reason=profile_predicate action=maybe_recompile pc=0x0000020a74fe05f4 method=org.gradle.internal.file.FileHierarchySet$Node.isChildOfOrThis(Ljava/lang/String;I)Z @ 54 c2
Event: 135.188 Thread 0x0000020a098b22d0 DEOPT PACKING pc=0x0000020a74fe05f4 sp=0x0000005d01ff65c0
Event: 135.188 Thread 0x0000020a098b22d0 DEOPT UNPACKING pc=0x0000020a6d3a23a3 sp=0x0000005d01ff6530 mode 2
Event: 136.908 Thread 0x0000020a098b27a0 DEOPT PACKING pc=0x0000020a6f5e7b83 sp=0x0000005d025fe4c0
Event: 136.908 Thread 0x0000020a098b27a0 DEOPT UNPACKING pc=0x0000020a6d3a2b43 sp=0x0000005d025fd978 mode 0

Classes loaded (20 events):
Event: 122.672 Loading class sun/reflect/misc/MethodUtil
Event: 122.673 Loading class sun/reflect/misc/MethodUtil done
Event: 122.673 Loading class sun/reflect/misc/MethodUtil$1
Event: 122.673 Loading class sun/reflect/misc/MethodUtil$1 done
Event: 122.725 Loading class java/time/temporal/WeekFields
Event: 122.726 Loading class java/time/temporal/WeekFields done
Event: 122.727 Loading class java/time/temporal/WeekFields$ComputedDayOfField
Event: 122.728 Loading class java/time/temporal/WeekFields$ComputedDayOfField done
Event: 122.735 Loading class java/time/Month$1
Event: 122.736 Loading class java/time/Month$1 done
Event: 126.727 Loading class com/sun/beans/finder/MethodFinder
Event: 126.733 Loading class com/sun/beans/finder/AbstractFinder
Event: 126.735 Loading class com/sun/beans/finder/AbstractFinder done
Event: 126.735 Loading class com/sun/beans/finder/MethodFinder done
Event: 126.741 Loading class com/sun/beans/finder/MethodFinder$1
Event: 126.742 Loading class com/sun/beans/finder/MethodFinder$1 done
Event: 126.742 Loading class com/sun/beans/finder/FinderUtils
Event: 126.743 Loading class com/sun/beans/finder/FinderUtils done
Event: 126.942 Loading class java/util/regex/Pattern$Pos
Event: 126.942 Loading class java/util/regex/Pattern$Pos done

Classes unloaded (0 events):
No events

Classes redefined (0 events):
No events

Internal exceptions (20 events):
Event: 122.631 Thread 0x0000020a098b22d0 Exception <a 'java/lang/NoSuchMethodError'{0x0000000093f7d690}: static Lorg/jetbrains/kotlin/gradle/plugin/internal/DefaultIdeaSyncDetectorVariantFactory;.<clinit>()V> (0x0000000093f7d690) 
thrown [s\open\src\hotspot\share\prims\jni.cpp, line 1104]
Event: 122.636 Thread 0x0000020a098b22d0 Exception <a 'java/lang/NoSuchMethodError'{0x0000000093f9c568}: static Lorg/jetbrains/kotlin/gradle/plugin/internal/DefaultKotlinTestReportCompatibilityHelperVariantFactory;.<clinit>()V> (0x0000000093f9c568) 
thrown [s\open\src\hotspot\share\prims\jni.cpp, line 1104]
Event: 122.675 Thread 0x0000020a098b22d0 Implicit null exception at 0x0000020a7505ebd4 to 0x0000020a7505edd4
Event: 122.686 Thread 0x0000020a098b22d0 Exception <a 'java/lang/NoSuchMethodError'{0x0000000093ebaad0}: 'long java.lang.invoke.DelegatingMethodHandle$Holder.reinvoke_L(java.lang.Object, java.lang.Object)'> (0x0000000093ebaad0) 
thrown [s\open\src\hotspot\share\interpreter\linkResolver.cpp, line 766]
Event: 126.714 Thread 0x0000020a098b22d0 Exception <a 'java/lang/ClassNotFoundException'{0x0000000091802bc8}: groovy/lang/Closure$1BeanInfo> (0x0000000091802bc8) 
thrown [s\open\src\hotspot\share\classfile\systemDictionary.cpp, line 255]
Event: 126.717 Thread 0x0000020a098b22d0 Exception <a 'java/lang/ClassNotFoundException'{0x0000000091815e98}: groovy/lang/ClosureBeanInfo> (0x0000000091815e98) 
thrown [s\open\src\hotspot\share\classfile\systemDictionary.cpp, line 255]
Event: 126.720 Thread 0x0000020a098b22d0 Exception <a 'java/lang/ClassNotFoundException'{0x0000000091829138}: groovy/lang/ClosureCustomizer> (0x0000000091829138) 
thrown [s\open\src\hotspot\share\classfile\systemDictionary.cpp, line 255]
Event: 126.727 Thread 0x0000020a098b22d0 Exception <a 'java/lang/ClassNotFoundException'{0x000000009185f680}: groovy/lang/Closure$1Customizer> (0x000000009185f680) 
thrown [s\open\src\hotspot\share\classfile\systemDictionary.cpp, line 255]
Event: 126.767 Thread 0x0000020a098b22d0 Exception <a 'java/lang/ClassNotFoundException'{0x00000000918d35b8}: org/jetbrains/kotlin/gradle/targets/js/npm/DefaultNpmDependencyExtensionBeanInfo> (0x00000000918d35b8) 
thrown [s\open\src\hotspot\share\classfile\systemDictionary.cpp, line 255]
Event: 126.768 Thread 0x0000020a098b22d0 Exception <a 'java/lang/ClassNotFoundException'{0x00000000918e16e8}: org/jetbrains/kotlin/gradle/targets/js/npm/DefaultNpmDependencyExtensionCustomizer> (0x00000000918e16e8) 
thrown [s\open\src\hotspot\share\classfile\systemDictionary.cpp, line 255]
Event: 126.789 Thread 0x0000020a098b22d0 Exception <a 'java/lang/ClassNotFoundException'{0x000000009177e690}: org/jetbrains/kotlin/gradle/targets/js/npm/NpmDependencyExtensionKt$defaultNpmDependencyDelegate$1BeanInfo> (0x000000009177e690) 
thrown [s\open\src\hotspot\share\classfile\systemDictionary.cpp, line 255]
Event: 126.790 Thread 0x0000020a098b22d0 Exception <a 'java/lang/ClassNotFoundException'{0x000000009178ca98}: org/jetbrains/kotlin/gradle/targets/js/npm/NpmDependencyExtensionDelegateBeanInfo> (0x000000009178ca98) 
thrown [s\open\src\hotspot\share\classfile\systemDictionary.cpp, line 255]
Event: 126.792 Thread 0x0000020a098b22d0 Exception <a 'java/lang/ClassNotFoundException'{0x000000009179abf8}: org/jetbrains/kotlin/gradle/targets/js/npm/NpmDependencyExtensionDelegateCustomizer> (0x000000009179abf8) 
thrown [s\open\src\hotspot\share\classfile\systemDictionary.cpp, line 255]
Event: 126.798 Thread 0x0000020a098b22d0 Exception <a 'java/lang/ClassNotFoundException'{0x00000000917cb9f8}: org/jetbrains/kotlin/gradle/targets/js/npm/NpmDependencyExtensionKt$defaultNpmDependencyDelegate$1Customizer> (0x00000000917cb9f8) 
thrown [s\open\src\hotspot\share\classfile\systemDictionary.cpp, line 255]
Event: 126.818 Thread 0x0000020a098b22d0 Exception <a 'java/lang/ClassNotFoundException'{0x00000000916112a8}: org/jetbrains/kotlin/gradle/targets/js/npm/DefaultDevNpmDependencyExtensionBeanInfo> (0x00000000916112a8) 
thrown [s\open\src\hotspot\share\classfile\systemDictionary.cpp, line 255]
Event: 126.828 Thread 0x0000020a098b22d0 Exception <a 'java/lang/ClassNotFoundException'{0x000000009161f420}: org/jetbrains/kotlin/gradle/targets/js/npm/DefaultDevNpmDependencyExtensionCustomizer> (0x000000009161f420) 
thrown [s\open\src\hotspot\share\classfile\systemDictionary.cpp, line 255]
Event: 126.843 Thread 0x0000020a098b22d0 Exception <a 'java/lang/ClassNotFoundException'{0x000000009166d880}: org/jetbrains/kotlin/gradle/targets/js/npm/DefaultPeerNpmDependencyExtensionBeanInfo> (0x000000009166d880) 
thrown [s\open\src\hotspot\share\classfile\systemDictionary.cpp, line 255]
Event: 126.845 Thread 0x0000020a098b22d0 Exception <a 'java/lang/ClassNotFoundException'{0x000000009167ba20}: org/jetbrains/kotlin/gradle/targets/js/npm/DefaultPeerNpmDependencyExtensionCustomizer> (0x000000009167ba20) 
thrown [s\open\src\hotspot\share\classfile\systemDictionary.cpp, line 255]
Event: 126.855 Thread 0x0000020a098b22d0 Exception <a 'java/lang/ClassNotFoundException'{0x00000000916d7a50}: org/jetbrains/kotlin/gradle/targets/js/npm/DefaultPeerNpmDependencyExtension$delegate$1BeanInfo> (0x00000000916d7a50) 
thrown [s\open\src\hotspot\share\classfile\systemDictionary.cpp, line 255]
Event: 126.858 Thread 0x0000020a098b22d0 Exception <a 'java/lang/ClassNotFoundException'{0x00000000916e5e90}: org/jetbrains/kotlin/gradle/targets/js/npm/DefaultPeerNpmDependencyExtension$delegate$1Customizer> (0x00000000916e5e90) 
thrown [s\open\src\hotspot\share\classfile\systemDictionary.cpp, line 255]

VM Operations (20 events):
Event: 126.365 Executing VM operation: Cleanup
Event: 126.366 Executing VM operation: Cleanup done
Event: 127.379 Executing VM operation: Cleanup
Event: 127.395 Executing VM operation: Cleanup done
Event: 128.406 Executing VM operation: Cleanup
Event: 128.406 Executing VM operation: Cleanup done
Event: 130.418 Executing VM operation: Cleanup
Event: 130.418 Executing VM operation: Cleanup done
Event: 130.622 Executing VM operation: G1CollectForAllocation
Event: 130.758 Executing VM operation: G1CollectForAllocation done
Event: 131.758 Executing VM operation: Cleanup
Event: 131.758 Executing VM operation: Cleanup done
Event: 132.771 Executing VM operation: Cleanup
Event: 132.771 Executing VM operation: Cleanup done
Event: 133.786 Executing VM operation: Cleanup
Event: 133.786 Executing VM operation: Cleanup done
Event: 135.809 Executing VM operation: Cleanup
Event: 135.827 Executing VM operation: Cleanup done
Event: 136.828 Executing VM operation: Cleanup
Event: 136.828 Executing VM operation: Cleanup done

Events (20 events):
Event: 117.610 Thread 0x0000020a0417fd90 flushing nmethod 0x0000020a6f2ff790
Event: 117.611 Thread 0x0000020a0417fd90 flushing nmethod 0x0000020a6f337c90
Event: 117.611 Thread 0x0000020a0417fd90 flushing nmethod 0x0000020a6f360d90
Event: 117.611 Thread 0x0000020a0417fd90 flushing nmethod 0x0000020a6f375890
Event: 117.612 Thread 0x0000020a0417fd90 flushing nmethod 0x0000020a6f3dbf90
Event: 117.612 Thread 0x0000020a0417fd90 flushing nmethod 0x0000020a6f3fbb10
Event: 117.612 Thread 0x0000020a0417fd90 flushing nmethod 0x0000020a6f3fd810
Event: 117.612 Thread 0x0000020a0417fd90 flushing nmethod 0x0000020a6f3ff310
Event: 117.612 Thread 0x0000020a0417fd90 flushing nmethod 0x0000020a6f405410
Event: 117.612 Thread 0x0000020a0417fd90 flushing nmethod 0x0000020a6f405790
Event: 117.612 Thread 0x0000020a0417fd90 flushing nmethod 0x0000020a6f406510
Event: 117.613 Thread 0x0000020a0417fd90 flushing nmethod 0x0000020a6f45f710
Event: 117.616 Thread 0x0000020a0417fd90 flushing nmethod 0x0000020a6f62fb10
Event: 117.616 Thread 0x0000020a0417fd90 flushing nmethod 0x0000020a6f685c90
Event: 117.616 Thread 0x0000020a0417fd90 flushing nmethod 0x0000020a6f692890
Event: 117.616 Thread 0x0000020a0417fd90 flushing nmethod 0x0000020a6f693990
Event: 117.617 Thread 0x0000020a0417fd90 flushing nmethod 0x0000020a6f721d90
Event: 117.617 Thread 0x0000020a0417fd90 flushing nmethod 0x0000020a6f727490
Event: 117.618 Thread 0x0000020a0417fd90 flushing nmethod 0x0000020a6f751190
Event: 121.828 Thread 0x0000020a094d50b0 Thread added: 0x0000020a094d50b0


Dynamic libraries:
0x00007ff712ec0000 - 0x00007ff712ed0000 	C:\Program Files\Java\jdk-18.0.1.1\bin\java.exe
0x00007ffe08ab0000 - 0x00007ffe08ca8000 	C:\WINDOWS\SYSTEM32\ntdll.dll
0x00007ffdcc220000 - 0x00007ffdcc239000 	C:\Program Files\Avast Software\Avast\aswhook.dll
0x00007ffe074f0000 - 0x00007ffe075ad000 	C:\WINDOWS\System32\KERNEL32.DLL
0x00007ffe064a0000 - 0x00007ffe06796000 	C:\WINDOWS\System32\KERNELBASE.dll
0x00007ffe06190000 - 0x00007ffe06290000 	C:\WINDOWS\System32\ucrtbase.dll
0x00007ffdf4dc0000 - 0x00007ffdf4dd8000 	C:\Program Files\Java\jdk-18.0.1.1\bin\jli.dll
0x00007ffdf7790000 - 0x00007ffdf77aa000 	C:\Program Files\Java\jdk-18.0.1.1\bin\VCRUNTIME140.dll
0x00007ffe07440000 - 0x00007ffe074f0000 	C:\WINDOWS\System32\ADVAPI32.dll
0x00007ffe07320000 - 0x00007ffe073be000 	C:\WINDOWS\System32\msvcrt.dll
0x00007ffe06ae0000 - 0x00007ffe06b80000 	C:\WINDOWS\System32\sechost.dll
0x00007ffe07dd0000 - 0x00007ffe07ef3000 	C:\WINDOWS\System32\RPCRT4.dll
0x00007ffe06160000 - 0x00007ffe06187000 	C:\WINDOWS\System32\bcrypt.dll
0x00007ffdf36f0000 - 0x00007ffdf398a000 	C:\WINDOWS\WinSxS\amd64_microsoft.windows.common-controls_6595b64144ccf1df_6.0.19041.4355_none_60b8b9eb71f62e16\COMCTL32.dll
0x00007ffe07da0000 - 0x00007ffe07dcb000 	C:\WINDOWS\System32\GDI32.dll
0x00007ffe067a0000 - 0x00007ffe067c2000 	C:\WINDOWS\System32\win32u.dll
0x00007ffe06380000 - 0x00007ffe06497000 	C:\WINDOWS\System32\gdi32full.dll
0x00007ffe07b50000 - 0x00007ffe07cef000 	C:\WINDOWS\System32\USER32.dll
0x00007ffe062e0000 - 0x00007ffe0637d000 	C:\WINDOWS\System32\msvcp_win.dll
0x00007ffdfe3a0000 - 0x00007ffdfe3aa000 	C:\WINDOWS\SYSTEM32\VERSION.dll
0x00007ffe08870000 - 0x00007ffe088a2000 	C:\WINDOWS\System32\IMM32.DLL
0x00007ffdfc730000 - 0x00007ffdfc73c000 	C:\Program Files\Java\jdk-18.0.1.1\bin\vcruntime140_1.dll
0x00007ffdd4140000 - 0x00007ffdd41cd000 	C:\Program Files\Java\jdk-18.0.1.1\bin\msvcp140.dll
0x00007ffd8cf00000 - 0x00007ffd8db10000 	C:\Program Files\Java\jdk-18.0.1.1\bin\server\jvm.dll
0x00007ffe07300000 - 0x00007ffe07308000 	C:\WINDOWS\System32\PSAPI.DLL
0x00007ffdf2da0000 - 0x00007ffdf2da9000 	C:\WINDOWS\SYSTEM32\WSOCK32.dll
0x00007ffe08970000 - 0x00007ffe089db000 	C:\WINDOWS\System32\WS2_32.dll
0x00007ffe03e00000 - 0x00007ffe03e27000 	C:\WINDOWS\SYSTEM32\WINMM.dll
0x00007ffe04930000 - 0x00007ffe04942000 	C:\WINDOWS\SYSTEM32\kernel.appcore.dll
0x00007ffdf7600000 - 0x00007ffdf760a000 	C:\Program Files\Java\jdk-18.0.1.1\bin\jimage.dll
0x00007ffe03c10000 - 0x00007ffe03df4000 	C:\WINDOWS\SYSTEM32\DBGHELP.DLL
0x00007ffe03bd0000 - 0x00007ffe03c04000 	C:\WINDOWS\SYSTEM32\dbgcore.DLL
0x00007ffe067d0000 - 0x00007ffe06852000 	C:\WINDOWS\System32\bcryptPrimitives.dll
0x00007ffdf64b0000 - 0x00007ffdf64be000 	C:\Program Files\Java\jdk-18.0.1.1\bin\instrument.dll
0x00007ffdf4c90000 - 0x00007ffdf4cb5000 	C:\Program Files\Java\jdk-18.0.1.1\bin\java.dll
0x00007ffdcfbe0000 - 0x00007ffdcfcb6000 	C:\Program Files\Java\jdk-18.0.1.1\bin\jsvml.dll
0x00007ffe06b80000 - 0x00007ffe072eb000 	C:\WINDOWS\System32\SHELL32.dll
0x00007ffe04170000 - 0x00007ffe0490d000 	C:\WINDOWS\SYSTEM32\windows.storage.dll
0x00007ffe08160000 - 0x00007ffe084b3000 	C:\WINDOWS\System32\combase.dll
0x00007ffe059d0000 - 0x00007ffe059fe000 	C:\WINDOWS\SYSTEM32\Wldp.dll
0x00007ffe087a0000 - 0x00007ffe0886d000 	C:\WINDOWS\System32\OLEAUT32.dll
0x00007ffe07cf0000 - 0x00007ffe07d9d000 	C:\WINDOWS\System32\SHCORE.dll
0x00007ffe073c0000 - 0x00007ffe07415000 	C:\WINDOWS\System32\shlwapi.dll
0x00007ffe06090000 - 0x00007ffe060b4000 	C:\WINDOWS\SYSTEM32\profapi.dll
0x00007ffdf4c50000 - 0x00007ffdf4c68000 	C:\Program Files\Java\jdk-18.0.1.1\bin\zip.dll
0x00007ffdf4d70000 - 0x00007ffdf4d83000 	C:\Program Files\Java\jdk-18.0.1.1\bin\net.dll
0x00007ffdfd3c0000 - 0x00007ffdfd4ca000 	C:\WINDOWS\SYSTEM32\WINHTTP.dll
0x00007ffe057b0000 - 0x00007ffe0581a000 	C:\WINDOWS\system32\mswsock.dll
0x00007ffdf4c70000 - 0x00007ffdf4c86000 	C:\Program Files\Java\jdk-18.0.1.1\bin\nio.dll
0x00007ffdf73b0000 - 0x00007ffdf73c0000 	C:\Program Files\Java\jdk-18.0.1.1\bin\verify.dll
0x00007ffde8d90000 - 0x00007ffde8db7000 	C:\Users\¿‰ÏËÌËÒÚ‡ÚÓ\.gradle\native\c067742578af261105cb4f569cf0c3c89f3d7b1fecec35dd04571415982c5e48\windows-amd64\native-platform.dll
0x00007ffdccdd0000 - 0x00007ffdccf14000 	C:\Users\¿‰ÏËÌËÒÚ‡ÚÓ\.gradle\native\38dada09dfb8b06ba9b0570ebf7e218e3eb74d4ef43ca46872605cf95ebc2f47\windows-amd64\native-platform-file-events.dll
0x00007ffdf67d0000 - 0x00007ffdf67d9000 	C:\Program Files\Java\jdk-18.0.1.1\bin\management.dll
0x00007ffdf6720000 - 0x00007ffdf672b000 	C:\Program Files\Java\jdk-18.0.1.1\bin\management_ext.dll
0x00007ffe05a10000 - 0x00007ffe05a28000 	C:\WINDOWS\SYSTEM32\CRYPTSP.dll
0x00007ffe050f0000 - 0x00007ffe05124000 	C:\WINDOWS\system32\rsaenh.dll
0x00007ffe06000000 - 0x00007ffe0602e000 	C:\WINDOWS\SYSTEM32\USERENV.dll
0x00007ffe05940000 - 0x00007ffe0594c000 	C:\WINDOWS\SYSTEM32\CRYPTBASE.dll
0x00007ffe054b0000 - 0x00007ffe054eb000 	C:\WINDOWS\SYSTEM32\IPHLPAPI.DLL
0x00007ffe07310000 - 0x00007ffe07318000 	C:\WINDOWS\System32\NSI.dll
0x00007ffdfe420000 - 0x00007ffdfe437000 	C:\WINDOWS\SYSTEM32\dhcpcsvc6.DLL
0x00007ffdfe400000 - 0x00007ffdfe41d000 	C:\WINDOWS\SYSTEM32\dhcpcsvc.DLL
0x00007ffe054f0000 - 0x00007ffe055bb000 	C:\WINDOWS\SYSTEM32\DNSAPI.dll
0x00007ffe05230000 - 0x00007ffe05263000 	C:\WINDOWS\SYSTEM32\ntmarta.dll
0x00007ffdff4e0000 - 0x00007ffdff4ee000 	C:\Program Files\Java\jdk-18.0.1.1\bin\sunmscapi.dll
0x00007ffe06980000 - 0x00007ffe06ade000 	C:\WINDOWS\System32\CRYPT32.dll
0x00007ffe05b80000 - 0x00007ffe05ba9000 	C:\WINDOWS\SYSTEM32\ncrypt.dll
0x00007ffe05b40000 - 0x00007ffe05b7b000 	C:\WINDOWS\SYSTEM32\NTASN1.dll
0x000000005f530000 - 0x000000005f565000 	C:\Program Files\Bonjour\mdnsNSP.dll
0x00007ffdfe510000 - 0x00007ffdfe51a000 	C:\Windows\System32\rasadhlp.dll
0x00007ffdf8190000 - 0x00007ffdf8210000 	C:\WINDOWS\System32\fwpuclnt.dll

dbghelp: loaded successfully - version: 4.0.5 - missing functions: none
symbol engine: initialized successfully - sym options: 0x614 - pdb path: .;C:\Program Files\Java\jdk-18.0.1.1\bin;C:\WINDOWS\SYSTEM32;C:\Program Files\Avast Software\Avast;C:\WINDOWS\WinSxS\amd64_microsoft.windows.common-controls_6595b64144ccf1df_6.0.19041.4355_none_60b8b9eb71f62e16;C:\Program Files\Java\jdk-18.0.1.1\bin\server;C:\Users\¿‰ÏËÌËÒÚ‡ÚÓ\.gradle\native\c067742578af261105cb4f569cf0c3c89f3d7b1fecec35dd04571415982c5e48\windows-amd64;C:\Users\¿‰ÏËÌËÒÚ‡ÚÓ\.gradle\native\38dada09dfb8b06ba9b0570ebf7e218e3eb74d4ef43ca46872605cf95ebc2f47\windows-amd64;C:\Program Files\Bonjour

VM Arguments:
jvm_args: --add-opens=java.base/java.util=ALL-UNNAMED --add-opens=java.base/java.lang=ALL-UNNAMED --add-opens=java.base/java.lang.invoke=ALL-UNNAMED --add-opens=java.prefs/java.util.prefs=ALL-UNNAMED --add-opens=java.base/java.nio.charset=ALL-UNNAMED --add-opens=java.base/java.net=ALL-UNNAMED --add-opens=java.base/java.util.concurrent.atomic=ALL-UNNAMED -Xmx2048m -Dfile.encoding=UTF-8 -Duser.country=RU -Duser.language=ru -Duser.variant -javaagent:C:\Users\¿‰ÏËÌËÒÚ‡ÚÓ\.gradle\wrapper\dists\gradle-8.6-bin\afr5mpiioh2wthjmwnkmdsd5w\gradle-8.6\lib\agents\gradle-instrumentation-agent-8.6.jar 
java_command: org.gradle.launcher.daemon.bootstrap.GradleDaemon 8.6
java_class_path (initial): C:\Users\¿‰ÏËÌËÒÚ‡ÚÓ\.gradle\wrapper\dists\gradle-8.6-bin\afr5mpiioh2wthjmwnkmdsd5w\gradle-8.6\lib\gradle-launcher-8.6.jar
Launcher Type: SUN_STANDARD

[Global flags]
     intx CICompilerCount                          = 4                                         {product} {ergonomic}
     uint ConcGCThreads                            = 3                                         {product} {ergonomic}
     uint G1ConcRefinementThreads                  = 10                                        {product} {ergonomic}
   size_t G1HeapRegionSize                         = 1048576                                   {product} {ergonomic}
    uintx GCDrainStackTargetSize                   = 64                                        {product} {ergonomic}
   size_t InitialHeapSize                          = 98566144                                  {product} {ergonomic}
   size_t MarkStackSize                            = 4194304                                   {product} {ergonomic}
   size_t MaxHeapSize                              = 2147483648                                {product} {command line}
   size_t MaxNewSize                               = 1287651328                                {product} {ergonomic}
   size_t MinHeapDeltaBytes                        = 1048576                                   {product} {ergonomic}
   size_t MinHeapSize                              = 8388608                                   {product} {ergonomic}
    uintx NonNMethodCodeHeapSize                   = 5839372                                {pd product} {ergonomic}
    uintx NonProfiledCodeHeapSize                  = 122909434                              {pd product} {ergonomic}
    uintx ProfiledCodeHeapSize                     = 122909434                              {pd product} {ergonomic}
    uintx ReservedCodeCacheSize                    = 251658240                              {pd product} {ergonomic}
     bool SegmentedCodeCache                       = true                                      {product} {ergonomic}
   size_t SoftMaxHeapSize                          = 2147483648                             {manageable} {ergonomic}
     bool UseCompressedClassPointers               = true                           {product lp64_product} {ergonomic}
     bool UseCompressedOops                        = true                           {product lp64_product} {ergonomic}
     bool UseG1GC                                  = true                                      {product} {ergonomic}
     bool UseLargePagesIndividualAllocation        = false                                  {pd product} {ergonomic}

Logging:
Log output configuration:
 #0: stdout all=warning uptime,level,tags foldmultilines=false
 #1: stderr all=off uptime,level,tags foldmultilines=false

Environment Variables:
CLASSPATH=C:\Users\Robingud\BIO\\gradle\wrapper\gradle-wrapper.jar
PATH=C:\Program Files\Common Files\Oracle\Java\javapath;C:\ProgramData\Oracle\Java\javapath;C:\Program Files (x86)\VMware\VMware Workstation\bin\;C:\WINDOWS\system32;C:\WINDOWS;C:\WINDOWS\System32\Wbem;C:\WINDOWS\System32\WindowsPowerShell\v1.0\;C:\WINDOWS\System32\OpenSSH\;C:\Program Files\dotnet\;C:\Program Files (x86)\dotnet\;C:\Program Files\Git\cmd;C:\Program Files\nodejs\;C:\ProgramData\chocolatey\bin;;C:\Program Files\Docker\Docker\resources\bin;C:\Program Files\MySQL\MySQL Shell 8.0\bin\;C:\Users\¿‰ÏËÌËÒÚ‡ÚÓ\AppData\Local\Programs\Python\Python310\Scripts\;C:\Users\¿‰ÏËÌËÒÚ‡ÚÓ\AppData\Local\Programs\Python\Python310\;C:\Users\¿‰ÏËÌËÒÚ‡ÚÓ\scoop\shims;C:\Users\¿‰ÏËÌËÒÚ‡ÚÓ\AppData\Local\Microsoft\WindowsApps;C:\Users\¿‰ÏËÌËÒÚ‡ÚÓ\AppData\Local\Programs\Microsoft VS Code\bin;C:\Program Files\JetBrains\PyCharm Community Edition 2022.1\bin;;C:\Program Files\JetBrains\IntelliJ IDEA 2022.3.1\bin;;C:\Program Files\JetBrains\IntelliJ IDEA Community Edition 2022.1.4\bin;;C:\Users\¿‰ÏËÌËÒÚ‡ÚÓ\AppData\Roaming\npm;C:\flutter\bin;C:\Users\Robingud\kotlinStart\02_HelloKotlin\Homework\src\main\kotlin\flutter\bin;C:\tools\dart-sdk\bin;C:\Users\¿‰ÏËÌËÒÚ‡ÚÓ\AppData\Local\Pub\Cache\bin;
USERNAME=Aqiljan
OS=Windows_NT
PROCESSOR_IDENTIFIER=AMD64 Family 23 Model 104 Stepping 1, AuthenticAMD



---------------  S Y S T E M  ---------------

OS:
 Windows 10 , 64 bit Build 19041 (10.0.19041.3636)
OS uptime: 4 days 8:51 hours
Hyper-V role detected

CPU: total 12 (initial active 12) (12 cores per cpu, 2 threads per core) family 23 model 104 stepping 1 microcode 0x0, cx8, cmov, fxsr, ht, mmx, 3dnowpref, sse, sse2, sse3, ssse3, sse4a, sse4.1, sse4.2, popcnt, lzcnt, tsc, tscinvbit, avx, avx2, aes, clmul, bmi1, bmi2, adx, sha, fma, vzeroupper, clflush, clflushopt, hv

Memory: 4k page, system-wide physical 5966M (200M free)
TotalPageFile size 24398M (AvailPageFile size 2M)
current process WorkingSet (physical memory assigned to process): 351M, peak: 428M
current process commit charge ("private bytes"): 707M, peak: 722M

vm_info: Java HotSpot(TM) 64-Bit Server VM (18.0.1.1+2-6) for windows-amd64 JRE (18.0.1.1+2-6), built on Apr 25 2022 21:53:15 by "mach5one" with MS VC++ 16.8 / 16.9 (VS2019)

END.
